Performing C++ SOURCE FILE Test CMAKE_HAVE_LIBC_PTHREAD failed with the following output:
Change Dir: /home/ilaria/Desktop/MultiComponents_SC/2Components_GL/cmake-build-debug/CMakeFiles/CMakeTmp

Run Build Command(s):/usr/bin/make cmTC_c5abd/fast && /usr/bin/make -f CMakeFiles/cmTC_c5abd.dir/build.make CMakeFiles/cmTC_c5abd.dir/build
make[1]: Entering directory '/home/ilaria/Desktop/MultiComponents_SC/2Components_GL/cmake-build-debug/CMakeFiles/CMakeTmp'
Building CXX object CMakeFiles/cmTC_c5abd.dir/src.cxx.o
/usr/bin/c++    -DCMAKE_HAVE_LIBC_PTHREAD   -o CMakeFiles/cmTC_c5abd.dir/src.cxx.o -c /home/ilaria/Desktop/MultiComponents_SC/2Components_GL/cmake-build-debug/CMakeFiles/CMakeTmp/src.cxx
Linking CXX executable cmTC_c5abd
/home/ilaria/.local/share/JetBrains/Toolbox/apps/CLion/ch-0/193.6015.37/bin/cmake/linux/bin/cmake -E cmake_link_script CMakeFiles/cmTC_c5abd.dir/link.txt --verbose=1
/usr/bin/c++   -DCMAKE_HAVE_LIBC_PTHREAD    CMakeFiles/cmTC_c5abd.dir/src.cxx.o  -o cmTC_c5abd 
/usr/bin/ld: CMakeFiles/cmTC_c5abd.dir/src.cxx.o: in function `main':
src.cxx:(.text+0x3e): undefined reference to `pthread_create'
/usr/bin/ld: src.cxx:(.text+0x4a): undefined reference to `pthread_detach'
/usr/bin/ld: src.cxx:(.text+0x5b): undefined reference to `pthread_join'
collect2: error: ld returned 1 exit status
make[1]: *** [CMakeFiles/cmTC_c5abd.dir/build.make:87: cmTC_c5abd] Error 1
make[1]: Leaving directory '/home/ilaria/Desktop/MultiComponents_SC/2Components_GL/cmake-build-debug/CMakeFiles/CMakeTmp'
make: *** [Makefile:121: cmTC_c5abd/fast] Error 2


Source file was:
#include <pthread.h>

void* test_func(void* data)
{
  return data;
}

int main(void)
{
  pthread_t thread;
  pthread_create(&thread, NULL, test_func, NULL);
  pthread_detach(thread);
  pthread_join(thread, NULL);
  pthread_atfork(NULL, NULL, NULL);
  pthread_exit(NULL);

  return 0;
}

Determining if the function pthread_create exists in the pthreads failed with the following output:
Change Dir: /home/ilaria/Desktop/MultiComponents_SC/2Components_GL/cmake-build-debug/CMakeFiles/CMakeTmp

Run Build Command(s):/usr/bin/make cmTC_08084/fast && /usr/bin/make -f CMakeFiles/cmTC_08084.dir/build.make CMakeFiles/cmTC_08084.dir/build
make[1]: Entering directory '/home/ilaria/Desktop/MultiComponents_SC/2Components_GL/cmake-build-debug/CMakeFiles/CMakeTmp'
Building CXX object CMakeFiles/cmTC_08084.dir/CheckFunctionExists.cxx.o
/usr/bin/c++    -DCHECK_FUNCTION_EXISTS=pthread_create   -o CMakeFiles/cmTC_08084.dir/CheckFunctionExists.cxx.o -c /home/ilaria/Desktop/MultiComponents_SC/2Components_GL/cmake-build-debug/CMakeFiles/CheckLibraryExists/CheckFunctionExists.cxx
Linking CXX executable cmTC_08084
/home/ilaria/.local/share/JetBrains/Toolbox/apps/CLion/ch-0/193.6015.37/bin/cmake/linux/bin/cmake -E cmake_link_script CMakeFiles/cmTC_08084.dir/link.txt --verbose=1
/usr/bin/c++   -DCHECK_FUNCTION_EXISTS=pthread_create    CMakeFiles/cmTC_08084.dir/CheckFunctionExists.cxx.o  -o cmTC_08084 -lpthreads 
/usr/bin/ld: cannot find -lpthreads
collect2: error: ld returned 1 exit status
make[1]: *** [CMakeFiles/cmTC_08084.dir/build.make:87: cmTC_08084] Error 1
make[1]: Leaving directory '/home/ilaria/Desktop/MultiComponents_SC/2Components_GL/cmake-build-debug/CMakeFiles/CMakeTmp'
make: *** [Makefile:121: cmTC_08084/fast] Error 2



