The system is: Linux - 5.0.0-38-generic - x86_64
Compiling the C compiler identification source file "CMakeCCompilerId.c" succeeded.
Compiler: /usr/bin/cc 
Build flags: 
Id flags:  

The output was:
0


Compilation of the C compiler identification source "CMakeCCompilerId.c" produced "a.out"

The C compiler identification is GNU, found in "/home/ilaria/Desktop/MultiComponents_SC/2Components_GL/build/Release/third-party-build/h5pp/src/external_h5pp-build/CMakeFiles/3.13.4/CompilerIdC/a.out"

Compiling the CXX compiler identification source file "CMakeCXXCompilerId.cpp" succeeded.
Compiler: /usr/bin/c++ 
Build flags: 
Id flags:  

The output was:
0


Compilation of the CXX compiler identification source "CMakeCXXCompilerId.cpp" produced "a.out"

The CXX compiler identification is GNU, found in "/home/ilaria/Desktop/MultiComponents_SC/2Components_GL/build/Release/third-party-build/h5pp/src/external_h5pp-build/CMakeFiles/3.13.4/CompilerIdCXX/a.out"

Determining if the C compiler works passed with the following output:
Change Dir: /home/ilaria/Desktop/MultiComponents_SC/2Components_GL/build/Release/third-party-build/h5pp/src/external_h5pp-build/CMakeFiles/CMakeTmp

Run Build Command:"/usr/bin/make" "cmTC_6fba6/fast"
make[3]: Entering directory '/home/ilaria/Desktop/MultiComponents_SC/2Components_GL/build/Release/third-party-build/h5pp/src/external_h5pp-build/CMakeFiles/CMakeTmp'
/usr/bin/make -f CMakeFiles/cmTC_6fba6.dir/build.make CMakeFiles/cmTC_6fba6.dir/build
make[4]: Entering directory '/home/ilaria/Desktop/MultiComponents_SC/2Components_GL/build/Release/third-party-build/h5pp/src/external_h5pp-build/CMakeFiles/CMakeTmp'
Building C object CMakeFiles/cmTC_6fba6.dir/testCCompiler.c.o
/usr/bin/cc    -o CMakeFiles/cmTC_6fba6.dir/testCCompiler.c.o   -c /home/ilaria/Desktop/MultiComponents_SC/2Components_GL/build/Release/third-party-build/h5pp/src/external_h5pp-build/CMakeFiles/CMakeTmp/testCCompiler.c
Linking C executable cmTC_6fba6
/usr/bin/cmake -E cmake_link_script CMakeFiles/cmTC_6fba6.dir/link.txt --verbose=1
/usr/bin/cc      CMakeFiles/cmTC_6fba6.dir/testCCompiler.c.o  -o cmTC_6fba6 
make[4]: Leaving directory '/home/ilaria/Desktop/MultiComponents_SC/2Components_GL/build/Release/third-party-build/h5pp/src/external_h5pp-build/CMakeFiles/CMakeTmp'
make[3]: Leaving directory '/home/ilaria/Desktop/MultiComponents_SC/2Components_GL/build/Release/third-party-build/h5pp/src/external_h5pp-build/CMakeFiles/CMakeTmp'


Detecting C compiler ABI info compiled with the following output:
Change Dir: /home/ilaria/Desktop/MultiComponents_SC/2Components_GL/build/Release/third-party-build/h5pp/src/external_h5pp-build/CMakeFiles/CMakeTmp

Run Build Command:"/usr/bin/make" "cmTC_c6674/fast"
make[3]: Entering directory '/home/ilaria/Desktop/MultiComponents_SC/2Components_GL/build/Release/third-party-build/h5pp/src/external_h5pp-build/CMakeFiles/CMakeTmp'
/usr/bin/make -f CMakeFiles/cmTC_c6674.dir/build.make CMakeFiles/cmTC_c6674.dir/build
make[4]: Entering directory '/home/ilaria/Desktop/MultiComponents_SC/2Components_GL/build/Release/third-party-build/h5pp/src/external_h5pp-build/CMakeFiles/CMakeTmp'
Building C object CMakeFiles/cmTC_c6674.dir/CMakeCCompilerABI.c.o
/usr/bin/cc    -o CMakeFiles/cmTC_c6674.dir/CMakeCCompilerABI.c.o   -c /usr/share/cmake-3.13/Modules/CMakeCCompilerABI.c
Linking C executable cmTC_c6674
/usr/bin/cmake -E cmake_link_script CMakeFiles/cmTC_c6674.dir/link.txt --verbose=1
/usr/bin/cc     -v CMakeFiles/cmTC_c6674.dir/CMakeCCompilerABI.c.o  -o cmTC_c6674 
Using built-in specs.
COLLECT_GCC=/usr/bin/cc
COLLECT_LTO_WRAPPER=/usr/lib/gcc/x86_64-linux-gnu/8/lto-wrapper
OFFLOAD_TARGET_NAMES=nvptx-none
OFFLOAD_TARGET_DEFAULT=1
Target: x86_64-linux-gnu
Configured with: ../src/configure -v --with-pkgversion='Ubuntu 8.3.0-6ubuntu1' --with-bugurl=file:///usr/share/doc/gcc-8/README.Bugs --enable-languages=c,ada,c++,go,brig,d,fortran,objc,obj-c++ --prefix=/usr --with-gcc-major-version-only --program-suffix=-8 --program-prefix=x86_64-linux-gnu- --enable-shared --enable-linker-build-id --libexecdir=/usr/lib --without-included-gettext --enable-threads=posix --libdir=/usr/lib --enable-nls --enable-bootstrap --enable-clocale=gnu --enable-libstdcxx-debug --enable-libstdcxx-time=yes --with-default-libstdcxx-abi=new --enable-gnu-unique-object --disable-vtable-verify --enable-libmpx --enable-plugin --enable-default-pie --with-system-zlib --with-target-system-zlib --enable-objc-gc=auto --enable-multiarch --disable-werror --with-arch-32=i686 --with-abi=m64 --with-multilib-list=m32,m64,mx32 --enable-multilib --with-tune=generic --enable-offload-targets=nvptx-none --without-cuda-driver --enable-checking=release --build=x86_64-linux-gnu --host=x86_64-linux-gnu --target=x86_64-linux-gnu
Thread model: posix
gcc version 8.3.0 (Ubuntu 8.3.0-6ubuntu1) 
COMPILER_PATH=/usr/lib/gcc/x86_64-linux-gnu/8/:/usr/lib/gcc/x86_64-linux-gnu/8/:/usr/lib/gcc/x86_64-linux-gnu/:/usr/lib/gcc/x86_64-linux-gnu/8/:/usr/lib/gcc/x86_64-linux-gnu/
LIBRARY_PATH=/usr/lib/gcc/x86_64-linux-gnu/8/:/usr/lib/gcc/x86_64-linux-gnu/8/../../../x86_64-linux-gnu/:/usr/lib/gcc/x86_64-linux-gnu/8/../../../../lib/:/lib/x86_64-linux-gnu/:/lib/../lib/:/usr/lib/x86_64-linux-gnu/:/usr/lib/../lib/:/usr/lib/gcc/x86_64-linux-gnu/8/../../../:/lib/:/usr/lib/
COLLECT_GCC_OPTIONS='-v' '-o' 'cmTC_c6674' '-mtune=generic' '-march=x86-64'
 /usr/lib/gcc/x86_64-linux-gnu/8/collect2 -plugin /usr/lib/gcc/x86_64-linux-gnu/8/liblto_plugin.so -plugin-opt=/usr/lib/gcc/x86_64-linux-gnu/8/lto-wrapper -plugin-opt=-fresolution=/tmp/cc2qFLd4.res -plugin-opt=-pass-through=-lgcc -plugin-opt=-pass-through=-lgcc_s -plugin-opt=-pass-through=-lc -plugin-opt=-pass-through=-lgcc -plugin-opt=-pass-through=-lgcc_s --build-id --eh-frame-hdr -m elf_x86_64 --hash-style=gnu --as-needed -dynamic-linker /lib64/ld-linux-x86-64.so.2 -pie -z now -z relro -o cmTC_c6674 /usr/lib/gcc/x86_64-linux-gnu/8/../../../x86_64-linux-gnu/Scrt1.o /usr/lib/gcc/x86_64-linux-gnu/8/../../../x86_64-linux-gnu/crti.o /usr/lib/gcc/x86_64-linux-gnu/8/crtbeginS.o -L/usr/lib/gcc/x86_64-linux-gnu/8 -L/usr/lib/gcc/x86_64-linux-gnu/8/../../../x86_64-linux-gnu -L/usr/lib/gcc/x86_64-linux-gnu/8/../../../../lib -L/lib/x86_64-linux-gnu -L/lib/../lib -L/usr/lib/x86_64-linux-gnu -L/usr/lib/../lib -L/usr/lib/gcc/x86_64-linux-gnu/8/../../.. CMakeFiles/cmTC_c6674.dir/CMakeCCompilerABI.c.o -lgcc --push-state --as-needed -lgcc_s --pop-state -lc -lgcc --push-state --as-needed -lgcc_s --pop-state /usr/lib/gcc/x86_64-linux-gnu/8/crtendS.o /usr/lib/gcc/x86_64-linux-gnu/8/../../../x86_64-linux-gnu/crtn.o
COLLECT_GCC_OPTIONS='-v' '-o' 'cmTC_c6674' '-mtune=generic' '-march=x86-64'
make[4]: Leaving directory '/home/ilaria/Desktop/MultiComponents_SC/2Components_GL/build/Release/third-party-build/h5pp/src/external_h5pp-build/CMakeFiles/CMakeTmp'
make[3]: Leaving directory '/home/ilaria/Desktop/MultiComponents_SC/2Components_GL/build/Release/third-party-build/h5pp/src/external_h5pp-build/CMakeFiles/CMakeTmp'


Parsed C implicit link information from above output:
  link line regex: [^( *|.*[/\])(ld|CMAKE_LINK_STARTFILE-NOTFOUND|([^/\]+-)?ld|collect2)[^/\]*( |$)]
  ignore line: [Change Dir: /home/ilaria/Desktop/MultiComponents_SC/2Components_GL/build/Release/third-party-build/h5pp/src/external_h5pp-build/CMakeFiles/CMakeTmp]
  ignore line: []
  ignore line: [Run Build Command:"/usr/bin/make" "cmTC_c6674/fast"]
  ignore line: [make[3]: Entering directory '/home/ilaria/Desktop/MultiComponents_SC/2Components_GL/build/Release/third-party-build/h5pp/src/external_h5pp-build/CMakeFiles/CMakeTmp']
  ignore line: [/usr/bin/make -f CMakeFiles/cmTC_c6674.dir/build.make CMakeFiles/cmTC_c6674.dir/build]
  ignore line: [make[4]: Entering directory '/home/ilaria/Desktop/MultiComponents_SC/2Components_GL/build/Release/third-party-build/h5pp/src/external_h5pp-build/CMakeFiles/CMakeTmp']
  ignore line: [Building C object CMakeFiles/cmTC_c6674.dir/CMakeCCompilerABI.c.o]
  ignore line: [/usr/bin/cc    -o CMakeFiles/cmTC_c6674.dir/CMakeCCompilerABI.c.o   -c /usr/share/cmake-3.13/Modules/CMakeCCompilerABI.c]
  ignore line: [Linking C executable cmTC_c6674]
  ignore line: [/usr/bin/cmake -E cmake_link_script CMakeFiles/cmTC_c6674.dir/link.txt --verbose=1]
  ignore line: [/usr/bin/cc     -v CMakeFiles/cmTC_c6674.dir/CMakeCCompilerABI.c.o  -o cmTC_c6674 ]
  ignore line: [Using built-in specs.]
  ignore line: [COLLECT_GCC=/usr/bin/cc]
  ignore line: [COLLECT_LTO_WRAPPER=/usr/lib/gcc/x86_64-linux-gnu/8/lto-wrapper]
  ignore line: [OFFLOAD_TARGET_NAMES=nvptx-none]
  ignore line: [OFFLOAD_TARGET_DEFAULT=1]
  ignore line: [Target: x86_64-linux-gnu]
  ignore line: [Configured with: ../src/configure -v --with-pkgversion='Ubuntu 8.3.0-6ubuntu1' --with-bugurl=file:///usr/share/doc/gcc-8/README.Bugs --enable-languages=c,ada,c++,go,brig,d,fortran,objc,obj-c++ --prefix=/usr --with-gcc-major-version-only --program-suffix=-8 --program-prefix=x86_64-linux-gnu- --enable-shared --enable-linker-build-id --libexecdir=/usr/lib --without-included-gettext --enable-threads=posix --libdir=/usr/lib --enable-nls --enable-bootstrap --enable-clocale=gnu --enable-libstdcxx-debug --enable-libstdcxx-time=yes --with-default-libstdcxx-abi=new --enable-gnu-unique-object --disable-vtable-verify --enable-libmpx --enable-plugin --enable-default-pie --with-system-zlib --with-target-system-zlib --enable-objc-gc=auto --enable-multiarch --disable-werror --with-arch-32=i686 --with-abi=m64 --with-multilib-list=m32,m64,mx32 --enable-multilib --with-tune=generic --enable-offload-targets=nvptx-none --without-cuda-driver --enable-checking=release --build=x86_64-linux-gnu --host=x86_64-linux-gnu --target=x86_64-linux-gnu]
  ignore line: [Thread model: posix]
  ignore line: [gcc version 8.3.0 (Ubuntu 8.3.0-6ubuntu1) ]
  ignore line: [COMPILER_PATH=/usr/lib/gcc/x86_64-linux-gnu/8/:/usr/lib/gcc/x86_64-linux-gnu/8/:/usr/lib/gcc/x86_64-linux-gnu/:/usr/lib/gcc/x86_64-linux-gnu/8/:/usr/lib/gcc/x86_64-linux-gnu/]
  ignore line: [LIBRARY_PATH=/usr/lib/gcc/x86_64-linux-gnu/8/:/usr/lib/gcc/x86_64-linux-gnu/8/../../../x86_64-linux-gnu/:/usr/lib/gcc/x86_64-linux-gnu/8/../../../../lib/:/lib/x86_64-linux-gnu/:/lib/../lib/:/usr/lib/x86_64-linux-gnu/:/usr/lib/../lib/:/usr/lib/gcc/x86_64-linux-gnu/8/../../../:/lib/:/usr/lib/]
  ignore line: [COLLECT_GCC_OPTIONS='-v' '-o' 'cmTC_c6674' '-mtune=generic' '-march=x86-64']
  link line: [ /usr/lib/gcc/x86_64-linux-gnu/8/collect2 -plugin /usr/lib/gcc/x86_64-linux-gnu/8/liblto_plugin.so -plugin-opt=/usr/lib/gcc/x86_64-linux-gnu/8/lto-wrapper -plugin-opt=-fresolution=/tmp/cc2qFLd4.res -plugin-opt=-pass-through=-lgcc -plugin-opt=-pass-through=-lgcc_s -plugin-opt=-pass-through=-lc -plugin-opt=-pass-through=-lgcc -plugin-opt=-pass-through=-lgcc_s --build-id --eh-frame-hdr -m elf_x86_64 --hash-style=gnu --as-needed -dynamic-linker /lib64/ld-linux-x86-64.so.2 -pie -z now -z relro -o cmTC_c6674 /usr/lib/gcc/x86_64-linux-gnu/8/../../../x86_64-linux-gnu/Scrt1.o /usr/lib/gcc/x86_64-linux-gnu/8/../../../x86_64-linux-gnu/crti.o /usr/lib/gcc/x86_64-linux-gnu/8/crtbeginS.o -L/usr/lib/gcc/x86_64-linux-gnu/8 -L/usr/lib/gcc/x86_64-linux-gnu/8/../../../x86_64-linux-gnu -L/usr/lib/gcc/x86_64-linux-gnu/8/../../../../lib -L/lib/x86_64-linux-gnu -L/lib/../lib -L/usr/lib/x86_64-linux-gnu -L/usr/lib/../lib -L/usr/lib/gcc/x86_64-linux-gnu/8/../../.. CMakeFiles/cmTC_c6674.dir/CMakeCCompilerABI.c.o -lgcc --push-state --as-needed -lgcc_s --pop-state -lc -lgcc --push-state --as-needed -lgcc_s --pop-state /usr/lib/gcc/x86_64-linux-gnu/8/crtendS.o /usr/lib/gcc/x86_64-linux-gnu/8/../../../x86_64-linux-gnu/crtn.o]
    arg [/usr/lib/gcc/x86_64-linux-gnu/8/collect2] ==> ignore
    arg [-plugin] ==> ignore
    arg [/usr/lib/gcc/x86_64-linux-gnu/8/liblto_plugin.so] ==> ignore
    arg [-plugin-opt=/usr/lib/gcc/x86_64-linux-gnu/8/lto-wrapper] ==> ignore
    arg [-plugin-opt=-fresolution=/tmp/cc2qFLd4.res] ==> ignore
    arg [-plugin-opt=-pass-through=-lgcc] ==> ignore
    arg [-plugin-opt=-pass-through=-lgcc_s] ==> ignore
    arg [-plugin-opt=-pass-through=-lc] ==> ignore
    arg [-plugin-opt=-pass-through=-lgcc] ==> ignore
    arg [-plugin-opt=-pass-through=-lgcc_s] ==> ignore
    arg [--build-id] ==> ignore
    arg [--eh-frame-hdr] ==> ignore
    arg [-m] ==> ignore
    arg [elf_x86_64] ==> ignore
    arg [--hash-style=gnu] ==> ignore
    arg [--as-needed] ==> ignore
    arg [-dynamic-linker] ==> ignore
    arg [/lib64/ld-linux-x86-64.so.2] ==> ignore
    arg [-pie] ==> ignore
    arg [-znow] ==> ignore
    arg [-zrelro] ==> ignore
    arg [-o] ==> ignore
    arg [cmTC_c6674] ==> ignore
    arg [/usr/lib/gcc/x86_64-linux-gnu/8/../../../x86_64-linux-gnu/Scrt1.o] ==> ignore
    arg [/usr/lib/gcc/x86_64-linux-gnu/8/../../../x86_64-linux-gnu/crti.o] ==> ignore
    arg [/usr/lib/gcc/x86_64-linux-gnu/8/crtbeginS.o] ==> ignore
    arg [-L/usr/lib/gcc/x86_64-linux-gnu/8] ==> dir [/usr/lib/gcc/x86_64-linux-gnu/8]
    arg [-L/usr/lib/gcc/x86_64-linux-gnu/8/../../../x86_64-linux-gnu] ==> dir [/usr/lib/gcc/x86_64-linux-gnu/8/../../../x86_64-linux-gnu]
    arg [-L/usr/lib/gcc/x86_64-linux-gnu/8/../../../../lib] ==> dir [/usr/lib/gcc/x86_64-linux-gnu/8/../../../../lib]
    arg [-L/lib/x86_64-linux-gnu] ==> dir [/lib/x86_64-linux-gnu]
    arg [-L/lib/../lib] ==> dir [/lib/../lib]
    arg [-L/usr/lib/x86_64-linux-gnu] ==> dir [/usr/lib/x86_64-linux-gnu]
    arg [-L/usr/lib/../lib] ==> dir [/usr/lib/../lib]
    arg [-L/usr/lib/gcc/x86_64-linux-gnu/8/../../..] ==> dir [/usr/lib/gcc/x86_64-linux-gnu/8/../../..]
    arg [CMakeFiles/cmTC_c6674.dir/CMakeCCompilerABI.c.o] ==> ignore
    arg [-lgcc] ==> lib [gcc]
    arg [--push-state] ==> ignore
    arg [--as-needed] ==> ignore
    arg [-lgcc_s] ==> lib [gcc_s]
    arg [--pop-state] ==> ignore
    arg [-lc] ==> lib [c]
    arg [-lgcc] ==> lib [gcc]
    arg [--push-state] ==> ignore
    arg [--as-needed] ==> ignore
    arg [-lgcc_s] ==> lib [gcc_s]
    arg [--pop-state] ==> ignore
    arg [/usr/lib/gcc/x86_64-linux-gnu/8/crtendS.o] ==> ignore
    arg [/usr/lib/gcc/x86_64-linux-gnu/8/../../../x86_64-linux-gnu/crtn.o] ==> ignore
  collapse library dir [/usr/lib/gcc/x86_64-linux-gnu/8] ==> [/usr/lib/gcc/x86_64-linux-gnu/8]
  collapse library dir [/usr/lib/gcc/x86_64-linux-gnu/8/../../../x86_64-linux-gnu] ==> [/usr/lib/x86_64-linux-gnu]
  collapse library dir [/usr/lib/gcc/x86_64-linux-gnu/8/../../../../lib] ==> [/usr/lib]
  collapse library dir [/lib/x86_64-linux-gnu] ==> [/lib/x86_64-linux-gnu]
  collapse library dir [/lib/../lib] ==> [/lib]
  collapse library dir [/usr/lib/x86_64-linux-gnu] ==> [/usr/lib/x86_64-linux-gnu]
  collapse library dir [/usr/lib/../lib] ==> [/usr/lib]
  collapse library dir [/usr/lib/gcc/x86_64-linux-gnu/8/../../..] ==> [/usr/lib]
  implicit libs: [gcc;gcc_s;c;gcc;gcc_s]
  implicit dirs: [/usr/lib/gcc/x86_64-linux-gnu/8;/usr/lib/x86_64-linux-gnu;/usr/lib;/lib/x86_64-linux-gnu;/lib]
  implicit fwks: []




Detecting C [-std=c11] compiler features compiled with the following output:
Change Dir: /home/ilaria/Desktop/MultiComponents_SC/2Components_GL/build/Release/third-party-build/h5pp/src/external_h5pp-build/CMakeFiles/CMakeTmp

Run Build Command:"/usr/bin/make" "cmTC_ac81c/fast"
make[3]: Entering directory '/home/ilaria/Desktop/MultiComponents_SC/2Components_GL/build/Release/third-party-build/h5pp/src/external_h5pp-build/CMakeFiles/CMakeTmp'
/usr/bin/make -f CMakeFiles/cmTC_ac81c.dir/build.make CMakeFiles/cmTC_ac81c.dir/build
make[4]: Entering directory '/home/ilaria/Desktop/MultiComponents_SC/2Components_GL/build/Release/third-party-build/h5pp/src/external_h5pp-build/CMakeFiles/CMakeTmp'
Building C object CMakeFiles/cmTC_ac81c.dir/feature_tests.c.o
/usr/bin/cc   -std=c11 -o CMakeFiles/cmTC_ac81c.dir/feature_tests.c.o   -c /home/ilaria/Desktop/MultiComponents_SC/2Components_GL/build/Release/third-party-build/h5pp/src/external_h5pp-build/CMakeFiles/feature_tests.c
Linking C executable cmTC_ac81c
/usr/bin/cmake -E cmake_link_script CMakeFiles/cmTC_ac81c.dir/link.txt --verbose=1
/usr/bin/cc      CMakeFiles/cmTC_ac81c.dir/feature_tests.c.o  -o cmTC_ac81c 
make[4]: Leaving directory '/home/ilaria/Desktop/MultiComponents_SC/2Components_GL/build/Release/third-party-build/h5pp/src/external_h5pp-build/CMakeFiles/CMakeTmp'
make[3]: Leaving directory '/home/ilaria/Desktop/MultiComponents_SC/2Components_GL/build/Release/third-party-build/h5pp/src/external_h5pp-build/CMakeFiles/CMakeTmp'


    Feature record: C_FEATURE:1c_function_prototypes
    Feature record: C_FEATURE:1c_restrict
    Feature record: C_FEATURE:1c_static_assert
    Feature record: C_FEATURE:1c_variadic_macros


Detecting C [-std=c99] compiler features compiled with the following output:
Change Dir: /home/ilaria/Desktop/MultiComponents_SC/2Components_GL/build/Release/third-party-build/h5pp/src/external_h5pp-build/CMakeFiles/CMakeTmp

Run Build Command:"/usr/bin/make" "cmTC_b8d7d/fast"
make[3]: Entering directory '/home/ilaria/Desktop/MultiComponents_SC/2Components_GL/build/Release/third-party-build/h5pp/src/external_h5pp-build/CMakeFiles/CMakeTmp'
/usr/bin/make -f CMakeFiles/cmTC_b8d7d.dir/build.make CMakeFiles/cmTC_b8d7d.dir/build
make[4]: Entering directory '/home/ilaria/Desktop/MultiComponents_SC/2Components_GL/build/Release/third-party-build/h5pp/src/external_h5pp-build/CMakeFiles/CMakeTmp'
Building C object CMakeFiles/cmTC_b8d7d.dir/feature_tests.c.o
/usr/bin/cc   -std=c99 -o CMakeFiles/cmTC_b8d7d.dir/feature_tests.c.o   -c /home/ilaria/Desktop/MultiComponents_SC/2Components_GL/build/Release/third-party-build/h5pp/src/external_h5pp-build/CMakeFiles/feature_tests.c
Linking C executable cmTC_b8d7d
/usr/bin/cmake -E cmake_link_script CMakeFiles/cmTC_b8d7d.dir/link.txt --verbose=1
/usr/bin/cc      CMakeFiles/cmTC_b8d7d.dir/feature_tests.c.o  -o cmTC_b8d7d 
make[4]: Leaving directory '/home/ilaria/Desktop/MultiComponents_SC/2Components_GL/build/Release/third-party-build/h5pp/src/external_h5pp-build/CMakeFiles/CMakeTmp'
make[3]: Leaving directory '/home/ilaria/Desktop/MultiComponents_SC/2Components_GL/build/Release/third-party-build/h5pp/src/external_h5pp-build/CMakeFiles/CMakeTmp'


    Feature record: C_FEATURE:1c_function_prototypes
    Feature record: C_FEATURE:1c_restrict
    Feature record: C_FEATURE:0c_static_assert
    Feature record: C_FEATURE:1c_variadic_macros


Detecting C [-std=c90] compiler features compiled with the following output:
Change Dir: /home/ilaria/Desktop/MultiComponents_SC/2Components_GL/build/Release/third-party-build/h5pp/src/external_h5pp-build/CMakeFiles/CMakeTmp

Run Build Command:"/usr/bin/make" "cmTC_8047c/fast"
make[3]: Entering directory '/home/ilaria/Desktop/MultiComponents_SC/2Components_GL/build/Release/third-party-build/h5pp/src/external_h5pp-build/CMakeFiles/CMakeTmp'
/usr/bin/make -f CMakeFiles/cmTC_8047c.dir/build.make CMakeFiles/cmTC_8047c.dir/build
make[4]: Entering directory '/home/ilaria/Desktop/MultiComponents_SC/2Components_GL/build/Release/third-party-build/h5pp/src/external_h5pp-build/CMakeFiles/CMakeTmp'
Building C object CMakeFiles/cmTC_8047c.dir/feature_tests.c.o
/usr/bin/cc   -std=c90 -o CMakeFiles/cmTC_8047c.dir/feature_tests.c.o   -c /home/ilaria/Desktop/MultiComponents_SC/2Components_GL/build/Release/third-party-build/h5pp/src/external_h5pp-build/CMakeFiles/feature_tests.c
Linking C executable cmTC_8047c
/usr/bin/cmake -E cmake_link_script CMakeFiles/cmTC_8047c.dir/link.txt --verbose=1
/usr/bin/cc      CMakeFiles/cmTC_8047c.dir/feature_tests.c.o  -o cmTC_8047c 
make[4]: Leaving directory '/home/ilaria/Desktop/MultiComponents_SC/2Components_GL/build/Release/third-party-build/h5pp/src/external_h5pp-build/CMakeFiles/CMakeTmp'
make[3]: Leaving directory '/home/ilaria/Desktop/MultiComponents_SC/2Components_GL/build/Release/third-party-build/h5pp/src/external_h5pp-build/CMakeFiles/CMakeTmp'


    Feature record: C_FEATURE:1c_function_prototypes
    Feature record: C_FEATURE:0c_restrict
    Feature record: C_FEATURE:0c_static_assert
    Feature record: C_FEATURE:0c_variadic_macros
Determining if the CXX compiler works passed with the following output:
Change Dir: /home/ilaria/Desktop/MultiComponents_SC/2Components_GL/build/Release/third-party-build/h5pp/src/external_h5pp-build/CMakeFiles/CMakeTmp

Run Build Command:"/usr/bin/make" "cmTC_2bcbc/fast"
make[3]: Entering directory '/home/ilaria/Desktop/MultiComponents_SC/2Components_GL/build/Release/third-party-build/h5pp/src/external_h5pp-build/CMakeFiles/CMakeTmp'
/usr/bin/make -f CMakeFiles/cmTC_2bcbc.dir/build.make CMakeFiles/cmTC_2bcbc.dir/build
make[4]: Entering directory '/home/ilaria/Desktop/MultiComponents_SC/2Components_GL/build/Release/third-party-build/h5pp/src/external_h5pp-build/CMakeFiles/CMakeTmp'
Building CXX object CMakeFiles/cmTC_2bcbc.dir/testCXXCompiler.cxx.o
/usr/bin/c++     -o CMakeFiles/cmTC_2bcbc.dir/testCXXCompiler.cxx.o -c /home/ilaria/Desktop/MultiComponents_SC/2Components_GL/build/Release/third-party-build/h5pp/src/external_h5pp-build/CMakeFiles/CMakeTmp/testCXXCompiler.cxx
Linking CXX executable cmTC_2bcbc
/usr/bin/cmake -E cmake_link_script CMakeFiles/cmTC_2bcbc.dir/link.txt --verbose=1
/usr/bin/c++       CMakeFiles/cmTC_2bcbc.dir/testCXXCompiler.cxx.o  -o cmTC_2bcbc 
make[4]: Leaving directory '/home/ilaria/Desktop/MultiComponents_SC/2Components_GL/build/Release/third-party-build/h5pp/src/external_h5pp-build/CMakeFiles/CMakeTmp'
make[3]: Leaving directory '/home/ilaria/Desktop/MultiComponents_SC/2Components_GL/build/Release/third-party-build/h5pp/src/external_h5pp-build/CMakeFiles/CMakeTmp'


Detecting CXX compiler ABI info compiled with the following output:
Change Dir: /home/ilaria/Desktop/MultiComponents_SC/2Components_GL/build/Release/third-party-build/h5pp/src/external_h5pp-build/CMakeFiles/CMakeTmp

Run Build Command:"/usr/bin/make" "cmTC_1c17f/fast"
make[3]: Entering directory '/home/ilaria/Desktop/MultiComponents_SC/2Components_GL/build/Release/third-party-build/h5pp/src/external_h5pp-build/CMakeFiles/CMakeTmp'
/usr/bin/make -f CMakeFiles/cmTC_1c17f.dir/build.make CMakeFiles/cmTC_1c17f.dir/build
make[4]: Entering directory '/home/ilaria/Desktop/MultiComponents_SC/2Components_GL/build/Release/third-party-build/h5pp/src/external_h5pp-build/CMakeFiles/CMakeTmp'
Building CXX object CMakeFiles/cmTC_1c17f.dir/CMakeCXXCompilerABI.cpp.o
/usr/bin/c++     -o CMakeFiles/cmTC_1c17f.dir/CMakeCXXCompilerABI.cpp.o -c /usr/share/cmake-3.13/Modules/CMakeCXXCompilerABI.cpp
Linking CXX executable cmTC_1c17f
/usr/bin/cmake -E cmake_link_script CMakeFiles/cmTC_1c17f.dir/link.txt --verbose=1
/usr/bin/c++      -v CMakeFiles/cmTC_1c17f.dir/CMakeCXXCompilerABI.cpp.o  -o cmTC_1c17f 
Using built-in specs.
COLLECT_GCC=/usr/bin/c++
COLLECT_LTO_WRAPPER=/usr/lib/gcc/x86_64-linux-gnu/8/lto-wrapper
OFFLOAD_TARGET_NAMES=nvptx-none
OFFLOAD_TARGET_DEFAULT=1
Target: x86_64-linux-gnu
Configured with: ../src/configure -v --with-pkgversion='Ubuntu 8.3.0-6ubuntu1' --with-bugurl=file:///usr/share/doc/gcc-8/README.Bugs --enable-languages=c,ada,c++,go,brig,d,fortran,objc,obj-c++ --prefix=/usr --with-gcc-major-version-only --program-suffix=-8 --program-prefix=x86_64-linux-gnu- --enable-shared --enable-linker-build-id --libexecdir=/usr/lib --without-included-gettext --enable-threads=posix --libdir=/usr/lib --enable-nls --enable-bootstrap --enable-clocale=gnu --enable-libstdcxx-debug --enable-libstdcxx-time=yes --with-default-libstdcxx-abi=new --enable-gnu-unique-object --disable-vtable-verify --enable-libmpx --enable-plugin --enable-default-pie --with-system-zlib --with-target-system-zlib --enable-objc-gc=auto --enable-multiarch --disable-werror --with-arch-32=i686 --with-abi=m64 --with-multilib-list=m32,m64,mx32 --enable-multilib --with-tune=generic --enable-offload-targets=nvptx-none --without-cuda-driver --enable-checking=release --build=x86_64-linux-gnu --host=x86_64-linux-gnu --target=x86_64-linux-gnu
Thread model: posix
gcc version 8.3.0 (Ubuntu 8.3.0-6ubuntu1) 
COMPILER_PATH=/usr/lib/gcc/x86_64-linux-gnu/8/:/usr/lib/gcc/x86_64-linux-gnu/8/:/usr/lib/gcc/x86_64-linux-gnu/:/usr/lib/gcc/x86_64-linux-gnu/8/:/usr/lib/gcc/x86_64-linux-gnu/
LIBRARY_PATH=/usr/lib/gcc/x86_64-linux-gnu/8/:/usr/lib/gcc/x86_64-linux-gnu/8/../../../x86_64-linux-gnu/:/usr/lib/gcc/x86_64-linux-gnu/8/../../../../lib/:/lib/x86_64-linux-gnu/:/lib/../lib/:/usr/lib/x86_64-linux-gnu/:/usr/lib/../lib/:/usr/lib/gcc/x86_64-linux-gnu/8/../../../:/lib/:/usr/lib/
COLLECT_GCC_OPTIONS='-v' '-o' 'cmTC_1c17f' '-shared-libgcc' '-mtune=generic' '-march=x86-64'
 /usr/lib/gcc/x86_64-linux-gnu/8/collect2 -plugin /usr/lib/gcc/x86_64-linux-gnu/8/liblto_plugin.so -plugin-opt=/usr/lib/gcc/x86_64-linux-gnu/8/lto-wrapper -plugin-opt=-fresolution=/tmp/cc462yJh.res -plugin-opt=-pass-through=-lgcc_s -plugin-opt=-pass-through=-lgcc -plugin-opt=-pass-through=-lc -plugin-opt=-pass-through=-lgcc_s -plugin-opt=-pass-through=-lgcc --build-id --eh-frame-hdr -m elf_x86_64 --hash-style=gnu --as-needed -dynamic-linker /lib64/ld-linux-x86-64.so.2 -pie -z now -z relro -o cmTC_1c17f /usr/lib/gcc/x86_64-linux-gnu/8/../../../x86_64-linux-gnu/Scrt1.o /usr/lib/gcc/x86_64-linux-gnu/8/../../../x86_64-linux-gnu/crti.o /usr/lib/gcc/x86_64-linux-gnu/8/crtbeginS.o -L/usr/lib/gcc/x86_64-linux-gnu/8 -L/usr/lib/gcc/x86_64-linux-gnu/8/../../../x86_64-linux-gnu -L/usr/lib/gcc/x86_64-linux-gnu/8/../../../../lib -L/lib/x86_64-linux-gnu -L/lib/../lib -L/usr/lib/x86_64-linux-gnu -L/usr/lib/../lib -L/usr/lib/gcc/x86_64-linux-gnu/8/../../.. CMakeFiles/cmTC_1c17f.dir/CMakeCXXCompilerABI.cpp.o -lstdc++ -lm -lgcc_s -lgcc -lc -lgcc_s -lgcc /usr/lib/gcc/x86_64-linux-gnu/8/crtendS.o /usr/lib/gcc/x86_64-linux-gnu/8/../../../x86_64-linux-gnu/crtn.o
COLLECT_GCC_OPTIONS='-v' '-o' 'cmTC_1c17f' '-shared-libgcc' '-mtune=generic' '-march=x86-64'
make[4]: Leaving directory '/home/ilaria/Desktop/MultiComponents_SC/2Components_GL/build/Release/third-party-build/h5pp/src/external_h5pp-build/CMakeFiles/CMakeTmp'
make[3]: Leaving directory '/home/ilaria/Desktop/MultiComponents_SC/2Components_GL/build/Release/third-party-build/h5pp/src/external_h5pp-build/CMakeFiles/CMakeTmp'


Parsed CXX implicit link information from above output:
  link line regex: [^( *|.*[/\])(ld|CMAKE_LINK_STARTFILE-NOTFOUND|([^/\]+-)?ld|collect2)[^/\]*( |$)]
  ignore line: [Change Dir: /home/ilaria/Desktop/MultiComponents_SC/2Components_GL/build/Release/third-party-build/h5pp/src/external_h5pp-build/CMakeFiles/CMakeTmp]
  ignore line: []
  ignore line: [Run Build Command:"/usr/bin/make" "cmTC_1c17f/fast"]
  ignore line: [make[3]: Entering directory '/home/ilaria/Desktop/MultiComponents_SC/2Components_GL/build/Release/third-party-build/h5pp/src/external_h5pp-build/CMakeFiles/CMakeTmp']
  ignore line: [/usr/bin/make -f CMakeFiles/cmTC_1c17f.dir/build.make CMakeFiles/cmTC_1c17f.dir/build]
  ignore line: [make[4]: Entering directory '/home/ilaria/Desktop/MultiComponents_SC/2Components_GL/build/Release/third-party-build/h5pp/src/external_h5pp-build/CMakeFiles/CMakeTmp']
  ignore line: [Building CXX object CMakeFiles/cmTC_1c17f.dir/CMakeCXXCompilerABI.cpp.o]
  ignore line: [/usr/bin/c++     -o CMakeFiles/cmTC_1c17f.dir/CMakeCXXCompilerABI.cpp.o -c /usr/share/cmake-3.13/Modules/CMakeCXXCompilerABI.cpp]
  ignore line: [Linking CXX executable cmTC_1c17f]
  ignore line: [/usr/bin/cmake -E cmake_link_script CMakeFiles/cmTC_1c17f.dir/link.txt --verbose=1]
  ignore line: [/usr/bin/c++      -v CMakeFiles/cmTC_1c17f.dir/CMakeCXXCompilerABI.cpp.o  -o cmTC_1c17f ]
  ignore line: [Using built-in specs.]
  ignore line: [COLLECT_GCC=/usr/bin/c++]
  ignore line: [COLLECT_LTO_WRAPPER=/usr/lib/gcc/x86_64-linux-gnu/8/lto-wrapper]
  ignore line: [OFFLOAD_TARGET_NAMES=nvptx-none]
  ignore line: [OFFLOAD_TARGET_DEFAULT=1]
  ignore line: [Target: x86_64-linux-gnu]
  ignore line: [Configured with: ../src/configure -v --with-pkgversion='Ubuntu 8.3.0-6ubuntu1' --with-bugurl=file:///usr/share/doc/gcc-8/README.Bugs --enable-languages=c,ada,c++,go,brig,d,fortran,objc,obj-c++ --prefix=/usr --with-gcc-major-version-only --program-suffix=-8 --program-prefix=x86_64-linux-gnu- --enable-shared --enable-linker-build-id --libexecdir=/usr/lib --without-included-gettext --enable-threads=posix --libdir=/usr/lib --enable-nls --enable-bootstrap --enable-clocale=gnu --enable-libstdcxx-debug --enable-libstdcxx-time=yes --with-default-libstdcxx-abi=new --enable-gnu-unique-object --disable-vtable-verify --enable-libmpx --enable-plugin --enable-default-pie --with-system-zlib --with-target-system-zlib --enable-objc-gc=auto --enable-multiarch --disable-werror --with-arch-32=i686 --with-abi=m64 --with-multilib-list=m32,m64,mx32 --enable-multilib --with-tune=generic --enable-offload-targets=nvptx-none --without-cuda-driver --enable-checking=release --build=x86_64-linux-gnu --host=x86_64-linux-gnu --target=x86_64-linux-gnu]
  ignore line: [Thread model: posix]
  ignore line: [gcc version 8.3.0 (Ubuntu 8.3.0-6ubuntu1) ]
  ignore line: [COMPILER_PATH=/usr/lib/gcc/x86_64-linux-gnu/8/:/usr/lib/gcc/x86_64-linux-gnu/8/:/usr/lib/gcc/x86_64-linux-gnu/:/usr/lib/gcc/x86_64-linux-gnu/8/:/usr/lib/gcc/x86_64-linux-gnu/]
  ignore line: [LIBRARY_PATH=/usr/lib/gcc/x86_64-linux-gnu/8/:/usr/lib/gcc/x86_64-linux-gnu/8/../../../x86_64-linux-gnu/:/usr/lib/gcc/x86_64-linux-gnu/8/../../../../lib/:/lib/x86_64-linux-gnu/:/lib/../lib/:/usr/lib/x86_64-linux-gnu/:/usr/lib/../lib/:/usr/lib/gcc/x86_64-linux-gnu/8/../../../:/lib/:/usr/lib/]
  ignore line: [COLLECT_GCC_OPTIONS='-v' '-o' 'cmTC_1c17f' '-shared-libgcc' '-mtune=generic' '-march=x86-64']
  link line: [ /usr/lib/gcc/x86_64-linux-gnu/8/collect2 -plugin /usr/lib/gcc/x86_64-linux-gnu/8/liblto_plugin.so -plugin-opt=/usr/lib/gcc/x86_64-linux-gnu/8/lto-wrapper -plugin-opt=-fresolution=/tmp/cc462yJh.res -plugin-opt=-pass-through=-lgcc_s -plugin-opt=-pass-through=-lgcc -plugin-opt=-pass-through=-lc -plugin-opt=-pass-through=-lgcc_s -plugin-opt=-pass-through=-lgcc --build-id --eh-frame-hdr -m elf_x86_64 --hash-style=gnu --as-needed -dynamic-linker /lib64/ld-linux-x86-64.so.2 -pie -z now -z relro -o cmTC_1c17f /usr/lib/gcc/x86_64-linux-gnu/8/../../../x86_64-linux-gnu/Scrt1.o /usr/lib/gcc/x86_64-linux-gnu/8/../../../x86_64-linux-gnu/crti.o /usr/lib/gcc/x86_64-linux-gnu/8/crtbeginS.o -L/usr/lib/gcc/x86_64-linux-gnu/8 -L/usr/lib/gcc/x86_64-linux-gnu/8/../../../x86_64-linux-gnu -L/usr/lib/gcc/x86_64-linux-gnu/8/../../../../lib -L/lib/x86_64-linux-gnu -L/lib/../lib -L/usr/lib/x86_64-linux-gnu -L/usr/lib/../lib -L/usr/lib/gcc/x86_64-linux-gnu/8/../../.. CMakeFiles/cmTC_1c17f.dir/CMakeCXXCompilerABI.cpp.o -lstdc++ -lm -lgcc_s -lgcc -lc -lgcc_s -lgcc /usr/lib/gcc/x86_64-linux-gnu/8/crtendS.o /usr/lib/gcc/x86_64-linux-gnu/8/../../../x86_64-linux-gnu/crtn.o]
    arg [/usr/lib/gcc/x86_64-linux-gnu/8/collect2] ==> ignore
    arg [-plugin] ==> ignore
    arg [/usr/lib/gcc/x86_64-linux-gnu/8/liblto_plugin.so] ==> ignore
    arg [-plugin-opt=/usr/lib/gcc/x86_64-linux-gnu/8/lto-wrapper] ==> ignore
    arg [-plugin-opt=-fresolution=/tmp/cc462yJh.res] ==> ignore
    arg [-plugin-opt=-pass-through=-lgcc_s] ==> ignore
    arg [-plugin-opt=-pass-through=-lgcc] ==> ignore
    arg [-plugin-opt=-pass-through=-lc] ==> ignore
    arg [-plugin-opt=-pass-through=-lgcc_s] ==> ignore
    arg [-plugin-opt=-pass-through=-lgcc] ==> ignore
    arg [--build-id] ==> ignore
    arg [--eh-frame-hdr] ==> ignore
    arg [-m] ==> ignore
    arg [elf_x86_64] ==> ignore
    arg [--hash-style=gnu] ==> ignore
    arg [--as-needed] ==> ignore
    arg [-dynamic-linker] ==> ignore
    arg [/lib64/ld-linux-x86-64.so.2] ==> ignore
    arg [-pie] ==> ignore
    arg [-znow] ==> ignore
    arg [-zrelro] ==> ignore
    arg [-o] ==> ignore
    arg [cmTC_1c17f] ==> ignore
    arg [/usr/lib/gcc/x86_64-linux-gnu/8/../../../x86_64-linux-gnu/Scrt1.o] ==> ignore
    arg [/usr/lib/gcc/x86_64-linux-gnu/8/../../../x86_64-linux-gnu/crti.o] ==> ignore
    arg [/usr/lib/gcc/x86_64-linux-gnu/8/crtbeginS.o] ==> ignore
    arg [-L/usr/lib/gcc/x86_64-linux-gnu/8] ==> dir [/usr/lib/gcc/x86_64-linux-gnu/8]
    arg [-L/usr/lib/gcc/x86_64-linux-gnu/8/../../../x86_64-linux-gnu] ==> dir [/usr/lib/gcc/x86_64-linux-gnu/8/../../../x86_64-linux-gnu]
    arg [-L/usr/lib/gcc/x86_64-linux-gnu/8/../../../../lib] ==> dir [/usr/lib/gcc/x86_64-linux-gnu/8/../../../../lib]
    arg [-L/lib/x86_64-linux-gnu] ==> dir [/lib/x86_64-linux-gnu]
    arg [-L/lib/../lib] ==> dir [/lib/../lib]
    arg [-L/usr/lib/x86_64-linux-gnu] ==> dir [/usr/lib/x86_64-linux-gnu]
    arg [-L/usr/lib/../lib] ==> dir [/usr/lib/../lib]
    arg [-L/usr/lib/gcc/x86_64-linux-gnu/8/../../..] ==> dir [/usr/lib/gcc/x86_64-linux-gnu/8/../../..]
    arg [CMakeFiles/cmTC_1c17f.dir/CMakeCXXCompilerABI.cpp.o] ==> ignore
    arg [-lstdc++] ==> lib [stdc++]
    arg [-lm] ==> lib [m]
    arg [-lgcc_s] ==> lib [gcc_s]
    arg [-lgcc] ==> lib [gcc]
    arg [-lc] ==> lib [c]
    arg [-lgcc_s] ==> lib [gcc_s]
    arg [-lgcc] ==> lib [gcc]
    arg [/usr/lib/gcc/x86_64-linux-gnu/8/crtendS.o] ==> ignore
    arg [/usr/lib/gcc/x86_64-linux-gnu/8/../../../x86_64-linux-gnu/crtn.o] ==> ignore
  collapse library dir [/usr/lib/gcc/x86_64-linux-gnu/8] ==> [/usr/lib/gcc/x86_64-linux-gnu/8]
  collapse library dir [/usr/lib/gcc/x86_64-linux-gnu/8/../../../x86_64-linux-gnu] ==> [/usr/lib/x86_64-linux-gnu]
  collapse library dir [/usr/lib/gcc/x86_64-linux-gnu/8/../../../../lib] ==> [/usr/lib]
  collapse library dir [/lib/x86_64-linux-gnu] ==> [/lib/x86_64-linux-gnu]
  collapse library dir [/lib/../lib] ==> [/lib]
  collapse library dir [/usr/lib/x86_64-linux-gnu] ==> [/usr/lib/x86_64-linux-gnu]
  collapse library dir [/usr/lib/../lib] ==> [/usr/lib]
  collapse library dir [/usr/lib/gcc/x86_64-linux-gnu/8/../../..] ==> [/usr/lib]
  implicit libs: [stdc++;m;gcc_s;gcc;c;gcc_s;gcc]
  implicit dirs: [/usr/lib/gcc/x86_64-linux-gnu/8;/usr/lib/x86_64-linux-gnu;/usr/lib;/lib/x86_64-linux-gnu;/lib]
  implicit fwks: []




Detecting CXX [-std=c++2a] compiler features compiled with the following output:
Change Dir: /home/ilaria/Desktop/MultiComponents_SC/2Components_GL/build/Release/third-party-build/h5pp/src/external_h5pp-build/CMakeFiles/CMakeTmp

Run Build Command:"/usr/bin/make" "cmTC_f0548/fast"
make[3]: Entering directory '/home/ilaria/Desktop/MultiComponents_SC/2Components_GL/build/Release/third-party-build/h5pp/src/external_h5pp-build/CMakeFiles/CMakeTmp'
/usr/bin/make -f CMakeFiles/cmTC_f0548.dir/build.make CMakeFiles/cmTC_f0548.dir/build
make[4]: Entering directory '/home/ilaria/Desktop/MultiComponents_SC/2Components_GL/build/Release/third-party-build/h5pp/src/external_h5pp-build/CMakeFiles/CMakeTmp'
Building CXX object CMakeFiles/cmTC_f0548.dir/feature_tests.cxx.o
/usr/bin/c++    -std=c++2a -o CMakeFiles/cmTC_f0548.dir/feature_tests.cxx.o -c /home/ilaria/Desktop/MultiComponents_SC/2Components_GL/build/Release/third-party-build/h5pp/src/external_h5pp-build/CMakeFiles/feature_tests.cxx
Linking CXX executable cmTC_f0548
/usr/bin/cmake -E cmake_link_script CMakeFiles/cmTC_f0548.dir/link.txt --verbose=1
/usr/bin/c++       CMakeFiles/cmTC_f0548.dir/feature_tests.cxx.o  -o cmTC_f0548 
make[4]: Leaving directory '/home/ilaria/Desktop/MultiComponents_SC/2Components_GL/build/Release/third-party-build/h5pp/src/external_h5pp-build/CMakeFiles/CMakeTmp'
make[3]: Leaving directory '/home/ilaria/Desktop/MultiComponents_SC/2Components_GL/build/Release/third-party-build/h5pp/src/external_h5pp-build/CMakeFiles/CMakeTmp'


    Feature record: CXX_FEATURE:1cxx_aggregate_default_initializers
    Feature record: CXX_FEATURE:1cxx_alias_templates
    Feature record: CXX_FEATURE:1cxx_alignas
    Feature record: CXX_FEATURE:1cxx_alignof
    Feature record: CXX_FEATURE:1cxx_attributes
    Feature record: CXX_FEATURE:1cxx_attribute_deprecated
    Feature record: CXX_FEATURE:1cxx_auto_type
    Feature record: CXX_FEATURE:1cxx_binary_literals
    Feature record: CXX_FEATURE:1cxx_constexpr
    Feature record: CXX_FEATURE:1cxx_contextual_conversions
    Feature record: CXX_FEATURE:1cxx_decltype
    Feature record: CXX_FEATURE:1cxx_decltype_auto
    Feature record: CXX_FEATURE:1cxx_decltype_incomplete_return_types
    Feature record: CXX_FEATURE:1cxx_default_function_template_args
    Feature record: CXX_FEATURE:1cxx_defaulted_functions
    Feature record: CXX_FEATURE:1cxx_defaulted_move_initializers
    Feature record: CXX_FEATURE:1cxx_delegating_constructors
    Feature record: CXX_FEATURE:1cxx_deleted_functions
    Feature record: CXX_FEATURE:1cxx_digit_separators
    Feature record: CXX_FEATURE:1cxx_enum_forward_declarations
    Feature record: CXX_FEATURE:1cxx_explicit_conversions
    Feature record: CXX_FEATURE:1cxx_extended_friend_declarations
    Feature record: CXX_FEATURE:1cxx_extern_templates
    Feature record: CXX_FEATURE:1cxx_final
    Feature record: CXX_FEATURE:1cxx_func_identifier
    Feature record: CXX_FEATURE:1cxx_generalized_initializers
    Feature record: CXX_FEATURE:1cxx_generic_lambdas
    Feature record: CXX_FEATURE:1cxx_inheriting_constructors
    Feature record: CXX_FEATURE:1cxx_inline_namespaces
    Feature record: CXX_FEATURE:1cxx_lambdas
    Feature record: CXX_FEATURE:1cxx_lambda_init_captures
    Feature record: CXX_FEATURE:1cxx_local_type_template_args
    Feature record: CXX_FEATURE:1cxx_long_long_type
    Feature record: CXX_FEATURE:1cxx_noexcept
    Feature record: CXX_FEATURE:1cxx_nonstatic_member_init
    Feature record: CXX_FEATURE:1cxx_nullptr
    Feature record: CXX_FEATURE:1cxx_override
    Feature record: CXX_FEATURE:1cxx_range_for
    Feature record: CXX_FEATURE:1cxx_raw_string_literals
    Feature record: CXX_FEATURE:1cxx_reference_qualified_functions
    Feature record: CXX_FEATURE:1cxx_relaxed_constexpr
    Feature record: CXX_FEATURE:1cxx_return_type_deduction
    Feature record: CXX_FEATURE:1cxx_right_angle_brackets
    Feature record: CXX_FEATURE:1cxx_rvalue_references
    Feature record: CXX_FEATURE:1cxx_sizeof_member
    Feature record: CXX_FEATURE:1cxx_static_assert
    Feature record: CXX_FEATURE:1cxx_strong_enums
    Feature record: CXX_FEATURE:1cxx_template_template_parameters
    Feature record: CXX_FEATURE:1cxx_thread_local
    Feature record: CXX_FEATURE:1cxx_trailing_return_types
    Feature record: CXX_FEATURE:1cxx_unicode_literals
    Feature record: CXX_FEATURE:1cxx_uniform_initialization
    Feature record: CXX_FEATURE:1cxx_unrestricted_unions
    Feature record: CXX_FEATURE:1cxx_user_literals
    Feature record: CXX_FEATURE:1cxx_variable_templates
    Feature record: CXX_FEATURE:1cxx_variadic_macros
    Feature record: CXX_FEATURE:1cxx_variadic_templates


Detecting CXX [-std=c++17] compiler features compiled with the following output:
Change Dir: /home/ilaria/Desktop/MultiComponents_SC/2Components_GL/build/Release/third-party-build/h5pp/src/external_h5pp-build/CMakeFiles/CMakeTmp

Run Build Command:"/usr/bin/make" "cmTC_98039/fast"
make[3]: Entering directory '/home/ilaria/Desktop/MultiComponents_SC/2Components_GL/build/Release/third-party-build/h5pp/src/external_h5pp-build/CMakeFiles/CMakeTmp'
/usr/bin/make -f CMakeFiles/cmTC_98039.dir/build.make CMakeFiles/cmTC_98039.dir/build
make[4]: Entering directory '/home/ilaria/Desktop/MultiComponents_SC/2Components_GL/build/Release/third-party-build/h5pp/src/external_h5pp-build/CMakeFiles/CMakeTmp'
Building CXX object CMakeFiles/cmTC_98039.dir/feature_tests.cxx.o
/usr/bin/c++    -std=c++17 -o CMakeFiles/cmTC_98039.dir/feature_tests.cxx.o -c /home/ilaria/Desktop/MultiComponents_SC/2Components_GL/build/Release/third-party-build/h5pp/src/external_h5pp-build/CMakeFiles/feature_tests.cxx
Linking CXX executable cmTC_98039
/usr/bin/cmake -E cmake_link_script CMakeFiles/cmTC_98039.dir/link.txt --verbose=1
/usr/bin/c++       CMakeFiles/cmTC_98039.dir/feature_tests.cxx.o  -o cmTC_98039 
make[4]: Leaving directory '/home/ilaria/Desktop/MultiComponents_SC/2Components_GL/build/Release/third-party-build/h5pp/src/external_h5pp-build/CMakeFiles/CMakeTmp'
make[3]: Leaving directory '/home/ilaria/Desktop/MultiComponents_SC/2Components_GL/build/Release/third-party-build/h5pp/src/external_h5pp-build/CMakeFiles/CMakeTmp'


    Feature record: CXX_FEATURE:1cxx_aggregate_default_initializers
    Feature record: CXX_FEATURE:1cxx_alias_templates
    Feature record: CXX_FEATURE:1cxx_alignas
    Feature record: CXX_FEATURE:1cxx_alignof
    Feature record: CXX_FEATURE:1cxx_attributes
    Feature record: CXX_FEATURE:1cxx_attribute_deprecated
    Feature record: CXX_FEATURE:1cxx_auto_type
    Feature record: CXX_FEATURE:1cxx_binary_literals
    Feature record: CXX_FEATURE:1cxx_constexpr
    Feature record: CXX_FEATURE:1cxx_contextual_conversions
    Feature record: CXX_FEATURE:1cxx_decltype
    Feature record: CXX_FEATURE:1cxx_decltype_auto
    Feature record: CXX_FEATURE:1cxx_decltype_incomplete_return_types
    Feature record: CXX_FEATURE:1cxx_default_function_template_args
    Feature record: CXX_FEATURE:1cxx_defaulted_functions
    Feature record: CXX_FEATURE:1cxx_defaulted_move_initializers
    Feature record: CXX_FEATURE:1cxx_delegating_constructors
    Feature record: CXX_FEATURE:1cxx_deleted_functions
    Feature record: CXX_FEATURE:1cxx_digit_separators
    Feature record: CXX_FEATURE:1cxx_enum_forward_declarations
    Feature record: CXX_FEATURE:1cxx_explicit_conversions
    Feature record: CXX_FEATURE:1cxx_extended_friend_declarations
    Feature record: CXX_FEATURE:1cxx_extern_templates
    Feature record: CXX_FEATURE:1cxx_final
    Feature record: CXX_FEATURE:1cxx_func_identifier
    Feature record: CXX_FEATURE:1cxx_generalized_initializers
    Feature record: CXX_FEATURE:1cxx_generic_lambdas
    Feature record: CXX_FEATURE:1cxx_inheriting_constructors
    Feature record: CXX_FEATURE:1cxx_inline_namespaces
    Feature record: CXX_FEATURE:1cxx_lambdas
    Feature record: CXX_FEATURE:1cxx_lambda_init_captures
    Feature record: CXX_FEATURE:1cxx_local_type_template_args
    Feature record: CXX_FEATURE:1cxx_long_long_type
    Feature record: CXX_FEATURE:1cxx_noexcept
    Feature record: CXX_FEATURE:1cxx_nonstatic_member_init
    Feature record: CXX_FEATURE:1cxx_nullptr
    Feature record: CXX_FEATURE:1cxx_override
    Feature record: CXX_FEATURE:1cxx_range_for
    Feature record: CXX_FEATURE:1cxx_raw_string_literals
    Feature record: CXX_FEATURE:1cxx_reference_qualified_functions
    Feature record: CXX_FEATURE:1cxx_relaxed_constexpr
    Feature record: CXX_FEATURE:1cxx_return_type_deduction
    Feature record: CXX_FEATURE:1cxx_right_angle_brackets
    Feature record: CXX_FEATURE:1cxx_rvalue_references
    Feature record: CXX_FEATURE:1cxx_sizeof_member
    Feature record: CXX_FEATURE:1cxx_static_assert
    Feature record: CXX_FEATURE:1cxx_strong_enums
    Feature record: CXX_FEATURE:1cxx_template_template_parameters
    Feature record: CXX_FEATURE:1cxx_thread_local
    Feature record: CXX_FEATURE:1cxx_trailing_return_types
    Feature record: CXX_FEATURE:1cxx_unicode_literals
    Feature record: CXX_FEATURE:1cxx_uniform_initialization
    Feature record: CXX_FEATURE:1cxx_unrestricted_unions
    Feature record: CXX_FEATURE:1cxx_user_literals
    Feature record: CXX_FEATURE:1cxx_variable_templates
    Feature record: CXX_FEATURE:1cxx_variadic_macros
    Feature record: CXX_FEATURE:1cxx_variadic_templates


Detecting CXX [-std=c++14] compiler features compiled with the following output:
Change Dir: /home/ilaria/Desktop/MultiComponents_SC/2Components_GL/build/Release/third-party-build/h5pp/src/external_h5pp-build/CMakeFiles/CMakeTmp

Run Build Command:"/usr/bin/make" "cmTC_c1b9e/fast"
make[3]: Entering directory '/home/ilaria/Desktop/MultiComponents_SC/2Components_GL/build/Release/third-party-build/h5pp/src/external_h5pp-build/CMakeFiles/CMakeTmp'
/usr/bin/make -f CMakeFiles/cmTC_c1b9e.dir/build.make CMakeFiles/cmTC_c1b9e.dir/build
make[4]: Entering directory '/home/ilaria/Desktop/MultiComponents_SC/2Components_GL/build/Release/third-party-build/h5pp/src/external_h5pp-build/CMakeFiles/CMakeTmp'
Building CXX object CMakeFiles/cmTC_c1b9e.dir/feature_tests.cxx.o
/usr/bin/c++    -std=c++14 -o CMakeFiles/cmTC_c1b9e.dir/feature_tests.cxx.o -c /home/ilaria/Desktop/MultiComponents_SC/2Components_GL/build/Release/third-party-build/h5pp/src/external_h5pp-build/CMakeFiles/feature_tests.cxx
Linking CXX executable cmTC_c1b9e
/usr/bin/cmake -E cmake_link_script CMakeFiles/cmTC_c1b9e.dir/link.txt --verbose=1
/usr/bin/c++       CMakeFiles/cmTC_c1b9e.dir/feature_tests.cxx.o  -o cmTC_c1b9e 
make[4]: Leaving directory '/home/ilaria/Desktop/MultiComponents_SC/2Components_GL/build/Release/third-party-build/h5pp/src/external_h5pp-build/CMakeFiles/CMakeTmp'
make[3]: Leaving directory '/home/ilaria/Desktop/MultiComponents_SC/2Components_GL/build/Release/third-party-build/h5pp/src/external_h5pp-build/CMakeFiles/CMakeTmp'


    Feature record: CXX_FEATURE:1cxx_aggregate_default_initializers
    Feature record: CXX_FEATURE:1cxx_alias_templates
    Feature record: CXX_FEATURE:1cxx_alignas
    Feature record: CXX_FEATURE:1cxx_alignof
    Feature record: CXX_FEATURE:1cxx_attributes
    Feature record: CXX_FEATURE:1cxx_attribute_deprecated
    Feature record: CXX_FEATURE:1cxx_auto_type
    Feature record: CXX_FEATURE:1cxx_binary_literals
    Feature record: CXX_FEATURE:1cxx_constexpr
    Feature record: CXX_FEATURE:1cxx_contextual_conversions
    Feature record: CXX_FEATURE:1cxx_decltype
    Feature record: CXX_FEATURE:1cxx_decltype_auto
    Feature record: CXX_FEATURE:1cxx_decltype_incomplete_return_types
    Feature record: CXX_FEATURE:1cxx_default_function_template_args
    Feature record: CXX_FEATURE:1cxx_defaulted_functions
    Feature record: CXX_FEATURE:1cxx_defaulted_move_initializers
    Feature record: CXX_FEATURE:1cxx_delegating_constructors
    Feature record: CXX_FEATURE:1cxx_deleted_functions
    Feature record: CXX_FEATURE:1cxx_digit_separators
    Feature record: CXX_FEATURE:1cxx_enum_forward_declarations
    Feature record: CXX_FEATURE:1cxx_explicit_conversions
    Feature record: CXX_FEATURE:1cxx_extended_friend_declarations
    Feature record: CXX_FEATURE:1cxx_extern_templates
    Feature record: CXX_FEATURE:1cxx_final
    Feature record: CXX_FEATURE:1cxx_func_identifier
    Feature record: CXX_FEATURE:1cxx_generalized_initializers
    Feature record: CXX_FEATURE:1cxx_generic_lambdas
    Feature record: CXX_FEATURE:1cxx_inheriting_constructors
    Feature record: CXX_FEATURE:1cxx_inline_namespaces
    Feature record: CXX_FEATURE:1cxx_lambdas
    Feature record: CXX_FEATURE:1cxx_lambda_init_captures
    Feature record: CXX_FEATURE:1cxx_local_type_template_args
    Feature record: CXX_FEATURE:1cxx_long_long_type
    Feature record: CXX_FEATURE:1cxx_noexcept
    Feature record: CXX_FEATURE:1cxx_nonstatic_member_init
    Feature record: CXX_FEATURE:1cxx_nullptr
    Feature record: CXX_FEATURE:1cxx_override
    Feature record: CXX_FEATURE:1cxx_range_for
    Feature record: CXX_FEATURE:1cxx_raw_string_literals
    Feature record: CXX_FEATURE:1cxx_reference_qualified_functions
    Feature record: CXX_FEATURE:1cxx_relaxed_constexpr
    Feature record: CXX_FEATURE:1cxx_return_type_deduction
    Feature record: CXX_FEATURE:1cxx_right_angle_brackets
    Feature record: CXX_FEATURE:1cxx_rvalue_references
    Feature record: CXX_FEATURE:1cxx_sizeof_member
    Feature record: CXX_FEATURE:1cxx_static_assert
    Feature record: CXX_FEATURE:1cxx_strong_enums
    Feature record: CXX_FEATURE:1cxx_template_template_parameters
    Feature record: CXX_FEATURE:1cxx_thread_local
    Feature record: CXX_FEATURE:1cxx_trailing_return_types
    Feature record: CXX_FEATURE:1cxx_unicode_literals
    Feature record: CXX_FEATURE:1cxx_uniform_initialization
    Feature record: CXX_FEATURE:1cxx_unrestricted_unions
    Feature record: CXX_FEATURE:1cxx_user_literals
    Feature record: CXX_FEATURE:1cxx_variable_templates
    Feature record: CXX_FEATURE:1cxx_variadic_macros
    Feature record: CXX_FEATURE:1cxx_variadic_templates


Detecting CXX [-std=c++11] compiler features compiled with the following output:
Change Dir: /home/ilaria/Desktop/MultiComponents_SC/2Components_GL/build/Release/third-party-build/h5pp/src/external_h5pp-build/CMakeFiles/CMakeTmp

Run Build Command:"/usr/bin/make" "cmTC_c0200/fast"
make[3]: Entering directory '/home/ilaria/Desktop/MultiComponents_SC/2Components_GL/build/Release/third-party-build/h5pp/src/external_h5pp-build/CMakeFiles/CMakeTmp'
/usr/bin/make -f CMakeFiles/cmTC_c0200.dir/build.make CMakeFiles/cmTC_c0200.dir/build
make[4]: Entering directory '/home/ilaria/Desktop/MultiComponents_SC/2Components_GL/build/Release/third-party-build/h5pp/src/external_h5pp-build/CMakeFiles/CMakeTmp'
Building CXX object CMakeFiles/cmTC_c0200.dir/feature_tests.cxx.o
/usr/bin/c++    -std=c++11 -o CMakeFiles/cmTC_c0200.dir/feature_tests.cxx.o -c /home/ilaria/Desktop/MultiComponents_SC/2Components_GL/build/Release/third-party-build/h5pp/src/external_h5pp-build/CMakeFiles/feature_tests.cxx
Linking CXX executable cmTC_c0200
/usr/bin/cmake -E cmake_link_script CMakeFiles/cmTC_c0200.dir/link.txt --verbose=1
/usr/bin/c++       CMakeFiles/cmTC_c0200.dir/feature_tests.cxx.o  -o cmTC_c0200 
make[4]: Leaving directory '/home/ilaria/Desktop/MultiComponents_SC/2Components_GL/build/Release/third-party-build/h5pp/src/external_h5pp-build/CMakeFiles/CMakeTmp'
make[3]: Leaving directory '/home/ilaria/Desktop/MultiComponents_SC/2Components_GL/build/Release/third-party-build/h5pp/src/external_h5pp-build/CMakeFiles/CMakeTmp'


    Feature record: CXX_FEATURE:0cxx_aggregate_default_initializers
    Feature record: CXX_FEATURE:1cxx_alias_templates
    Feature record: CXX_FEATURE:1cxx_alignas
    Feature record: CXX_FEATURE:1cxx_alignof
    Feature record: CXX_FEATURE:1cxx_attributes
    Feature record: CXX_FEATURE:0cxx_attribute_deprecated
    Feature record: CXX_FEATURE:1cxx_auto_type
    Feature record: CXX_FEATURE:0cxx_binary_literals
    Feature record: CXX_FEATURE:1cxx_constexpr
    Feature record: CXX_FEATURE:0cxx_contextual_conversions
    Feature record: CXX_FEATURE:1cxx_decltype
    Feature record: CXX_FEATURE:0cxx_decltype_auto
    Feature record: CXX_FEATURE:1cxx_decltype_incomplete_return_types
    Feature record: CXX_FEATURE:1cxx_default_function_template_args
    Feature record: CXX_FEATURE:1cxx_defaulted_functions
    Feature record: CXX_FEATURE:1cxx_defaulted_move_initializers
    Feature record: CXX_FEATURE:1cxx_delegating_constructors
    Feature record: CXX_FEATURE:1cxx_deleted_functions
    Feature record: CXX_FEATURE:0cxx_digit_separators
    Feature record: CXX_FEATURE:1cxx_enum_forward_declarations
    Feature record: CXX_FEATURE:1cxx_explicit_conversions
    Feature record: CXX_FEATURE:1cxx_extended_friend_declarations
    Feature record: CXX_FEATURE:1cxx_extern_templates
    Feature record: CXX_FEATURE:1cxx_final
    Feature record: CXX_FEATURE:1cxx_func_identifier
    Feature record: CXX_FEATURE:1cxx_generalized_initializers
    Feature record: CXX_FEATURE:0cxx_generic_lambdas
    Feature record: CXX_FEATURE:1cxx_inheriting_constructors
    Feature record: CXX_FEATURE:1cxx_inline_namespaces
    Feature record: CXX_FEATURE:1cxx_lambdas
    Feature record: CXX_FEATURE:0cxx_lambda_init_captures
    Feature record: CXX_FEATURE:1cxx_local_type_template_args
    Feature record: CXX_FEATURE:1cxx_long_long_type
    Feature record: CXX_FEATURE:1cxx_noexcept
    Feature record: CXX_FEATURE:1cxx_nonstatic_member_init
    Feature record: CXX_FEATURE:1cxx_nullptr
    Feature record: CXX_FEATURE:1cxx_override
    Feature record: CXX_FEATURE:1cxx_range_for
    Feature record: CXX_FEATURE:1cxx_raw_string_literals
    Feature record: CXX_FEATURE:1cxx_reference_qualified_functions
    Feature record: CXX_FEATURE:0cxx_relaxed_constexpr
    Feature record: CXX_FEATURE:0cxx_return_type_deduction
    Feature record: CXX_FEATURE:1cxx_right_angle_brackets
    Feature record: CXX_FEATURE:1cxx_rvalue_references
    Feature record: CXX_FEATURE:1cxx_sizeof_member
    Feature record: CXX_FEATURE:1cxx_static_assert
    Feature record: CXX_FEATURE:1cxx_strong_enums
    Feature record: CXX_FEATURE:1cxx_template_template_parameters
    Feature record: CXX_FEATURE:1cxx_thread_local
    Feature record: CXX_FEATURE:1cxx_trailing_return_types
    Feature record: CXX_FEATURE:1cxx_unicode_literals
    Feature record: CXX_FEATURE:1cxx_uniform_initialization
    Feature record: CXX_FEATURE:1cxx_unrestricted_unions
    Feature record: CXX_FEATURE:1cxx_user_literals
    Feature record: CXX_FEATURE:0cxx_variable_templates
    Feature record: CXX_FEATURE:1cxx_variadic_macros
    Feature record: CXX_FEATURE:1cxx_variadic_templates


Detecting CXX [-std=c++98] compiler features compiled with the following output:
Change Dir: /home/ilaria/Desktop/MultiComponents_SC/2Components_GL/build/Release/third-party-build/h5pp/src/external_h5pp-build/CMakeFiles/CMakeTmp

Run Build Command:"/usr/bin/make" "cmTC_f916d/fast"
make[3]: Entering directory '/home/ilaria/Desktop/MultiComponents_SC/2Components_GL/build/Release/third-party-build/h5pp/src/external_h5pp-build/CMakeFiles/CMakeTmp'
/usr/bin/make -f CMakeFiles/cmTC_f916d.dir/build.make CMakeFiles/cmTC_f916d.dir/build
make[4]: Entering directory '/home/ilaria/Desktop/MultiComponents_SC/2Components_GL/build/Release/third-party-build/h5pp/src/external_h5pp-build/CMakeFiles/CMakeTmp'
Building CXX object CMakeFiles/cmTC_f916d.dir/feature_tests.cxx.o
/usr/bin/c++    -std=c++98 -o CMakeFiles/cmTC_f916d.dir/feature_tests.cxx.o -c /home/ilaria/Desktop/MultiComponents_SC/2Components_GL/build/Release/third-party-build/h5pp/src/external_h5pp-build/CMakeFiles/feature_tests.cxx
Linking CXX executable cmTC_f916d
/usr/bin/cmake -E cmake_link_script CMakeFiles/cmTC_f916d.dir/link.txt --verbose=1
/usr/bin/c++       CMakeFiles/cmTC_f916d.dir/feature_tests.cxx.o  -o cmTC_f916d 
make[4]: Leaving directory '/home/ilaria/Desktop/MultiComponents_SC/2Components_GL/build/Release/third-party-build/h5pp/src/external_h5pp-build/CMakeFiles/CMakeTmp'
make[3]: Leaving directory '/home/ilaria/Desktop/MultiComponents_SC/2Components_GL/build/Release/third-party-build/h5pp/src/external_h5pp-build/CMakeFiles/CMakeTmp'


    Feature record: CXX_FEATURE:0cxx_aggregate_default_initializers
    Feature record: CXX_FEATURE:0cxx_alias_templates
    Feature record: CXX_FEATURE:0cxx_alignas
    Feature record: CXX_FEATURE:0cxx_alignof
    Feature record: CXX_FEATURE:0cxx_attributes
    Feature record: CXX_FEATURE:0cxx_attribute_deprecated
    Feature record: CXX_FEATURE:0cxx_auto_type
    Feature record: CXX_FEATURE:0cxx_binary_literals
    Feature record: CXX_FEATURE:0cxx_constexpr
    Feature record: CXX_FEATURE:0cxx_contextual_conversions
    Feature record: CXX_FEATURE:0cxx_decltype
    Feature record: CXX_FEATURE:0cxx_decltype_auto
    Feature record: CXX_FEATURE:0cxx_decltype_incomplete_return_types
    Feature record: CXX_FEATURE:0cxx_default_function_template_args
    Feature record: CXX_FEATURE:0cxx_defaulted_functions
    Feature record: CXX_FEATURE:0cxx_defaulted_move_initializers
    Feature record: CXX_FEATURE:0cxx_delegating_constructors
    Feature record: CXX_FEATURE:0cxx_deleted_functions
    Feature record: CXX_FEATURE:0cxx_digit_separators
    Feature record: CXX_FEATURE:0cxx_enum_forward_declarations
    Feature record: CXX_FEATURE:0cxx_explicit_conversions
    Feature record: CXX_FEATURE:0cxx_extended_friend_declarations
    Feature record: CXX_FEATURE:0cxx_extern_templates
    Feature record: CXX_FEATURE:0cxx_final
    Feature record: CXX_FEATURE:0cxx_func_identifier
    Feature record: CXX_FEATURE:0cxx_generalized_initializers
    Feature record: CXX_FEATURE:0cxx_generic_lambdas
    Feature record: CXX_FEATURE:0cxx_inheriting_constructors
    Feature record: CXX_FEATURE:0cxx_inline_namespaces
    Feature record: CXX_FEATURE:0cxx_lambdas
    Feature record: CXX_FEATURE:0cxx_lambda_init_captures
    Feature record: CXX_FEATURE:0cxx_local_type_template_args
    Feature record: CXX_FEATURE:0cxx_long_long_type
    Feature record: CXX_FEATURE:0cxx_noexcept
    Feature record: CXX_FEATURE:0cxx_nonstatic_member_init
    Feature record: CXX_FEATURE:0cxx_nullptr
    Feature record: CXX_FEATURE:0cxx_override
    Feature record: CXX_FEATURE:0cxx_range_for
    Feature record: CXX_FEATURE:0cxx_raw_string_literals
    Feature record: CXX_FEATURE:0cxx_reference_qualified_functions
    Feature record: CXX_FEATURE:0cxx_relaxed_constexpr
    Feature record: CXX_FEATURE:0cxx_return_type_deduction
    Feature record: CXX_FEATURE:0cxx_right_angle_brackets
    Feature record: CXX_FEATURE:0cxx_rvalue_references
    Feature record: CXX_FEATURE:0cxx_sizeof_member
    Feature record: CXX_FEATURE:0cxx_static_assert
    Feature record: CXX_FEATURE:0cxx_strong_enums
    Feature record: CXX_FEATURE:1cxx_template_template_parameters
    Feature record: CXX_FEATURE:0cxx_thread_local
    Feature record: CXX_FEATURE:0cxx_trailing_return_types
    Feature record: CXX_FEATURE:0cxx_unicode_literals
    Feature record: CXX_FEATURE:0cxx_uniform_initialization
    Feature record: CXX_FEATURE:0cxx_unrestricted_unions
    Feature record: CXX_FEATURE:0cxx_user_literals
    Feature record: CXX_FEATURE:0cxx_variable_templates
    Feature record: CXX_FEATURE:0cxx_variadic_macros
    Feature record: CXX_FEATURE:0cxx_variadic_templates
Determining if the include file filesystem exists passed with the following output:
Change Dir: /home/ilaria/Desktop/MultiComponents_SC/2Components_GL/build/Release/third-party-build/h5pp/src/external_h5pp-build/CMakeFiles/CMakeTmp

Run Build Command:"/usr/bin/make" "cmTC_ecd58/fast"
make[3]: Entering directory '/home/ilaria/Desktop/MultiComponents_SC/2Components_GL/build/Release/third-party-build/h5pp/src/external_h5pp-build/CMakeFiles/CMakeTmp'
/usr/bin/make -f CMakeFiles/cmTC_ecd58.dir/build.make CMakeFiles/cmTC_ecd58.dir/build
make[4]: Entering directory '/home/ilaria/Desktop/MultiComponents_SC/2Components_GL/build/Release/third-party-build/h5pp/src/external_h5pp-build/CMakeFiles/CMakeTmp'
Building CXX object CMakeFiles/cmTC_ecd58.dir/CheckIncludeFile.cxx.o
/usr/bin/c++    -lstdc++fs -std=c++17   -o CMakeFiles/cmTC_ecd58.dir/CheckIncludeFile.cxx.o -c /home/ilaria/Desktop/MultiComponents_SC/2Components_GL/build/Release/third-party-build/h5pp/src/external_h5pp-build/CMakeFiles/CMakeTmp/CheckIncludeFile.cxx
Linking CXX executable cmTC_ecd58
/usr/bin/cmake -E cmake_link_script CMakeFiles/cmTC_ecd58.dir/link.txt --verbose=1
/usr/bin/c++   -lstdc++fs -std=c++17    CMakeFiles/cmTC_ecd58.dir/CheckIncludeFile.cxx.o  -o cmTC_ecd58 -lstdc++fs 
make[4]: Leaving directory '/home/ilaria/Desktop/MultiComponents_SC/2Components_GL/build/Release/third-party-build/h5pp/src/external_h5pp-build/CMakeFiles/CMakeTmp'
make[3]: Leaving directory '/home/ilaria/Desktop/MultiComponents_SC/2Components_GL/build/Release/third-party-build/h5pp/src/external_h5pp-build/CMakeFiles/CMakeTmp'


Performing C++ SOURCE FILE Test FILESYSTEM_COMPILES succeeded with the following output:
Change Dir: /home/ilaria/Desktop/MultiComponents_SC/2Components_GL/build/Release/third-party-build/h5pp/src/external_h5pp-build/CMakeFiles/CMakeTmp

Run Build Command:"/usr/bin/make" "cmTC_15772/fast"
make[3]: Entering directory '/home/ilaria/Desktop/MultiComponents_SC/2Components_GL/build/Release/third-party-build/h5pp/src/external_h5pp-build/CMakeFiles/CMakeTmp'
/usr/bin/make -f CMakeFiles/cmTC_15772.dir/build.make CMakeFiles/cmTC_15772.dir/build
make[4]: Entering directory '/home/ilaria/Desktop/MultiComponents_SC/2Components_GL/build/Release/third-party-build/h5pp/src/external_h5pp-build/CMakeFiles/CMakeTmp'
Building CXX object CMakeFiles/cmTC_15772.dir/src.cxx.o
/usr/bin/c++    -DFILESYSTEM_COMPILES -lstdc++fs -std=c++17   -o CMakeFiles/cmTC_15772.dir/src.cxx.o -c /home/ilaria/Desktop/MultiComponents_SC/2Components_GL/build/Release/third-party-build/h5pp/src/external_h5pp-build/CMakeFiles/CMakeTmp/src.cxx
Linking CXX executable cmTC_15772
/usr/bin/cmake -E cmake_link_script CMakeFiles/cmTC_15772.dir/link.txt --verbose=1
/usr/bin/c++   -DFILESYSTEM_COMPILES -lstdc++fs -std=c++17    CMakeFiles/cmTC_15772.dir/src.cxx.o  -o cmTC_15772 -lstdc++fs 
make[4]: Leaving directory '/home/ilaria/Desktop/MultiComponents_SC/2Components_GL/build/Release/third-party-build/h5pp/src/external_h5pp-build/CMakeFiles/CMakeTmp'
make[3]: Leaving directory '/home/ilaria/Desktop/MultiComponents_SC/2Components_GL/build/Release/third-party-build/h5pp/src/external_h5pp-build/CMakeFiles/CMakeTmp'

Source file was:

        #include<filesystem>
        namespace fs = std::filesystem;
        int main(){
            fs::path testpath;
            return 0;
        }
        
Determining if the include file experimental/type_traits exists passed with the following output:
Change Dir: /home/ilaria/Desktop/MultiComponents_SC/2Components_GL/build/Release/third-party-build/h5pp/src/external_h5pp-build/CMakeFiles/CMakeTmp

Run Build Command:"/usr/bin/make" "cmTC_1807c/fast"
make[3]: Entering directory '/home/ilaria/Desktop/MultiComponents_SC/2Components_GL/build/Release/third-party-build/h5pp/src/external_h5pp-build/CMakeFiles/CMakeTmp'
/usr/bin/make -f CMakeFiles/cmTC_1807c.dir/build.make CMakeFiles/cmTC_1807c.dir/build
make[4]: Entering directory '/home/ilaria/Desktop/MultiComponents_SC/2Components_GL/build/Release/third-party-build/h5pp/src/external_h5pp-build/CMakeFiles/CMakeTmp'
Building CXX object CMakeFiles/cmTC_1807c.dir/CheckIncludeFile.cxx.o
/usr/bin/c++    -std=c++17   -o CMakeFiles/cmTC_1807c.dir/CheckIncludeFile.cxx.o -c /home/ilaria/Desktop/MultiComponents_SC/2Components_GL/build/Release/third-party-build/h5pp/src/external_h5pp-build/CMakeFiles/CMakeTmp/CheckIncludeFile.cxx
Linking CXX executable cmTC_1807c
/usr/bin/cmake -E cmake_link_script CMakeFiles/cmTC_1807c.dir/link.txt --verbose=1
/usr/bin/c++   -std=c++17    CMakeFiles/cmTC_1807c.dir/CheckIncludeFile.cxx.o  -o cmTC_1807c 
make[4]: Leaving directory '/home/ilaria/Desktop/MultiComponents_SC/2Components_GL/build/Release/third-party-build/h5pp/src/external_h5pp-build/CMakeFiles/CMakeTmp'
make[3]: Leaving directory '/home/ilaria/Desktop/MultiComponents_SC/2Components_GL/build/Release/third-party-build/h5pp/src/external_h5pp-build/CMakeFiles/CMakeTmp'


Performing C++ SOURCE FILE Test TYPETRAITS_COMPILES succeeded with the following output:
Change Dir: /home/ilaria/Desktop/MultiComponents_SC/2Components_GL/build/Release/third-party-build/h5pp/src/external_h5pp-build/CMakeFiles/CMakeTmp

Run Build Command:"/usr/bin/make" "cmTC_fcd21/fast"
make[3]: Entering directory '/home/ilaria/Desktop/MultiComponents_SC/2Components_GL/build/Release/third-party-build/h5pp/src/external_h5pp-build/CMakeFiles/CMakeTmp'
/usr/bin/make -f CMakeFiles/cmTC_fcd21.dir/build.make CMakeFiles/cmTC_fcd21.dir/build
make[4]: Entering directory '/home/ilaria/Desktop/MultiComponents_SC/2Components_GL/build/Release/third-party-build/h5pp/src/external_h5pp-build/CMakeFiles/CMakeTmp'
Building CXX object CMakeFiles/cmTC_fcd21.dir/src.cxx.o
/usr/bin/c++    -DTYPETRAITS_COMPILES -std=c++17   -o CMakeFiles/cmTC_fcd21.dir/src.cxx.o -c /home/ilaria/Desktop/MultiComponents_SC/2Components_GL/build/Release/third-party-build/h5pp/src/external_h5pp-build/CMakeFiles/CMakeTmp/src.cxx
Linking CXX executable cmTC_fcd21
/usr/bin/cmake -E cmake_link_script CMakeFiles/cmTC_fcd21.dir/link.txt --verbose=1
/usr/bin/c++   -DTYPETRAITS_COMPILES -std=c++17    CMakeFiles/cmTC_fcd21.dir/src.cxx.o  -o cmTC_fcd21 
make[4]: Leaving directory '/home/ilaria/Desktop/MultiComponents_SC/2Components_GL/build/Release/third-party-build/h5pp/src/external_h5pp-build/CMakeFiles/CMakeTmp'
make[3]: Leaving directory '/home/ilaria/Desktop/MultiComponents_SC/2Components_GL/build/Release/third-party-build/h5pp/src/external_h5pp-build/CMakeFiles/CMakeTmp'

Source file was:

        #include<experimental/type_traits>
        int main(){
            return 0;
        }
        
Determining if the include file pthread.h exists passed with the following output:
Change Dir: /home/ilaria/Desktop/MultiComponents_SC/2Components_GL/build/Release/third-party-build/h5pp/src/external_h5pp-build/CMakeFiles/CMakeTmp

Run Build Command:"/usr/bin/make" "cmTC_748d9/fast"
make[3]: Entering directory '/home/ilaria/Desktop/MultiComponents_SC/2Components_GL/build/Release/third-party-build/h5pp/src/external_h5pp-build/CMakeFiles/CMakeTmp'
/usr/bin/make -f CMakeFiles/cmTC_748d9.dir/build.make CMakeFiles/cmTC_748d9.dir/build
make[4]: Entering directory '/home/ilaria/Desktop/MultiComponents_SC/2Components_GL/build/Release/third-party-build/h5pp/src/external_h5pp-build/CMakeFiles/CMakeTmp'
Building C object CMakeFiles/cmTC_748d9.dir/CheckIncludeFile.c.o
/usr/bin/cc    -o CMakeFiles/cmTC_748d9.dir/CheckIncludeFile.c.o   -c /home/ilaria/Desktop/MultiComponents_SC/2Components_GL/build/Release/third-party-build/h5pp/src/external_h5pp-build/CMakeFiles/CMakeTmp/CheckIncludeFile.c
Linking C executable cmTC_748d9
/usr/bin/cmake -E cmake_link_script CMakeFiles/cmTC_748d9.dir/link.txt --verbose=1
/usr/bin/cc      CMakeFiles/cmTC_748d9.dir/CheckIncludeFile.c.o  -o cmTC_748d9 
make[4]: Leaving directory '/home/ilaria/Desktop/MultiComponents_SC/2Components_GL/build/Release/third-party-build/h5pp/src/external_h5pp-build/CMakeFiles/CMakeTmp'
make[3]: Leaving directory '/home/ilaria/Desktop/MultiComponents_SC/2Components_GL/build/Release/third-party-build/h5pp/src/external_h5pp-build/CMakeFiles/CMakeTmp'


Determining if the function pthread_create exists in the pthread passed with the following output:
Change Dir: /home/ilaria/Desktop/MultiComponents_SC/2Components_GL/build/Release/third-party-build/h5pp/src/external_h5pp-build/CMakeFiles/CMakeTmp

Run Build Command:"/usr/bin/make" "cmTC_f590f/fast"
make[3]: Entering directory '/home/ilaria/Desktop/MultiComponents_SC/2Components_GL/build/Release/third-party-build/h5pp/src/external_h5pp-build/CMakeFiles/CMakeTmp'
/usr/bin/make -f CMakeFiles/cmTC_f590f.dir/build.make CMakeFiles/cmTC_f590f.dir/build
make[4]: Entering directory '/home/ilaria/Desktop/MultiComponents_SC/2Components_GL/build/Release/third-party-build/h5pp/src/external_h5pp-build/CMakeFiles/CMakeTmp'
Building C object CMakeFiles/cmTC_f590f.dir/CheckFunctionExists.c.o
/usr/bin/cc   -DCHECK_FUNCTION_EXISTS=pthread_create   -o CMakeFiles/cmTC_f590f.dir/CheckFunctionExists.c.o   -c /usr/share/cmake-3.13/Modules/CheckFunctionExists.c
Linking C executable cmTC_f590f
/usr/bin/cmake -E cmake_link_script CMakeFiles/cmTC_f590f.dir/link.txt --verbose=1
/usr/bin/cc  -DCHECK_FUNCTION_EXISTS=pthread_create    CMakeFiles/cmTC_f590f.dir/CheckFunctionExists.c.o  -o cmTC_f590f -lpthread 
make[4]: Leaving directory '/home/ilaria/Desktop/MultiComponents_SC/2Components_GL/build/Release/third-party-build/h5pp/src/external_h5pp-build/CMakeFiles/CMakeTmp'
make[3]: Leaving directory '/home/ilaria/Desktop/MultiComponents_SC/2Components_GL/build/Release/third-party-build/h5pp/src/external_h5pp-build/CMakeFiles/CMakeTmp'


