Determining if the pthread_create exist failed with the following output:
Change Dir: /home/ilaria/Desktop/MultiComponents_SC/2Components_GL/build/Release/third-party-build/h5pp/src/external_h5pp-build/CMakeFiles/CMakeTmp

Run Build Command:"/usr/bin/make" "cmTC_2f6b0/fast"
make[3]: Entering directory '/home/ilaria/Desktop/MultiComponents_SC/2Components_GL/build/Release/third-party-build/h5pp/src/external_h5pp-build/CMakeFiles/CMakeTmp'
/usr/bin/make -f CMakeFiles/cmTC_2f6b0.dir/build.make CMakeFiles/cmTC_2f6b0.dir/build
make[4]: Entering directory '/home/ilaria/Desktop/MultiComponents_SC/2Components_GL/build/Release/third-party-build/h5pp/src/external_h5pp-build/CMakeFiles/CMakeTmp'
Building C object CMakeFiles/cmTC_2f6b0.dir/CheckSymbolExists.c.o
/usr/bin/cc    -o CMakeFiles/cmTC_2f6b0.dir/CheckSymbolExists.c.o   -c /home/ilaria/Desktop/MultiComponents_SC/2Components_GL/build/Release/third-party-build/h5pp/src/external_h5pp-build/CMakeFiles/CMakeTmp/CheckSymbolExists.c
Linking C executable cmTC_2f6b0
/usr/bin/cmake -E cmake_link_script CMakeFiles/cmTC_2f6b0.dir/link.txt --verbose=1
/usr/bin/cc      CMakeFiles/cmTC_2f6b0.dir/CheckSymbolExists.c.o  -o cmTC_2f6b0 
/usr/bin/ld: CMakeFiles/cmTC_2f6b0.dir/CheckSymbolExists.c.o: in function `main':
CheckSymbolExists.c:(.text+0x1b): undefined reference to `pthread_create'
collect2: error: ld returned 1 exit status
make[4]: *** [CMakeFiles/cmTC_2f6b0.dir/build.make:87: cmTC_2f6b0] Error 1
make[4]: Leaving directory '/home/ilaria/Desktop/MultiComponents_SC/2Components_GL/build/Release/third-party-build/h5pp/src/external_h5pp-build/CMakeFiles/CMakeTmp'
make[3]: *** [Makefile:121: cmTC_2f6b0/fast] Error 2
make[3]: Leaving directory '/home/ilaria/Desktop/MultiComponents_SC/2Components_GL/build/Release/third-party-build/h5pp/src/external_h5pp-build/CMakeFiles/CMakeTmp'

File /home/ilaria/Desktop/MultiComponents_SC/2Components_GL/build/Release/third-party-build/h5pp/src/external_h5pp-build/CMakeFiles/CMakeTmp/CheckSymbolExists.c:
/* */
#include <pthread.h>

int main(int argc, char** argv)
{
  (void)argv;
#ifndef pthread_create
  return ((int*)(&pthread_create))[argc];
#else
  (void)argc;
  return 0;
#endif
}

Determining if the function pthread_create exists in the pthreads failed with the following output:
Change Dir: /home/ilaria/Desktop/MultiComponents_SC/2Components_GL/build/Release/third-party-build/h5pp/src/external_h5pp-build/CMakeFiles/CMakeTmp

Run Build Command:"/usr/bin/make" "cmTC_bf9d7/fast"
make[3]: Entering directory '/home/ilaria/Desktop/MultiComponents_SC/2Components_GL/build/Release/third-party-build/h5pp/src/external_h5pp-build/CMakeFiles/CMakeTmp'
/usr/bin/make -f CMakeFiles/cmTC_bf9d7.dir/build.make CMakeFiles/cmTC_bf9d7.dir/build
make[4]: Entering directory '/home/ilaria/Desktop/MultiComponents_SC/2Components_GL/build/Release/third-party-build/h5pp/src/external_h5pp-build/CMakeFiles/CMakeTmp'
Building C object CMakeFiles/cmTC_bf9d7.dir/CheckFunctionExists.c.o
/usr/bin/cc   -DCHECK_FUNCTION_EXISTS=pthread_create   -o CMakeFiles/cmTC_bf9d7.dir/CheckFunctionExists.c.o   -c /usr/share/cmake-3.13/Modules/CheckFunctionExists.c
Linking C executable cmTC_bf9d7
/usr/bin/cmake -E cmake_link_script CMakeFiles/cmTC_bf9d7.dir/link.txt --verbose=1
/usr/bin/cc  -DCHECK_FUNCTION_EXISTS=pthread_create    CMakeFiles/cmTC_bf9d7.dir/CheckFunctionExists.c.o  -o cmTC_bf9d7 -lpthreads 
/usr/bin/ld: cannot find -lpthreads
collect2: error: ld returned 1 exit status
make[4]: *** [CMakeFiles/cmTC_bf9d7.dir/build.make:87: cmTC_bf9d7] Error 1
make[4]: Leaving directory '/home/ilaria/Desktop/MultiComponents_SC/2Components_GL/build/Release/third-party-build/h5pp/src/external_h5pp-build/CMakeFiles/CMakeTmp'
make[3]: *** [Makefile:121: cmTC_bf9d7/fast] Error 2
make[3]: Leaving directory '/home/ilaria/Desktop/MultiComponents_SC/2Components_GL/build/Release/third-party-build/h5pp/src/external_h5pp-build/CMakeFiles/CMakeTmp'


