Performing C++ SOURCE FILE Test COMPILER_SUPPORT_Wshorten64to32 failed with the following output:
Change Dir: /home/ilaria/Desktop/MultiComponents_SC/2Components_GL/build/Release/third-party-build/h5pp/src/external_h5pp-build/third-party-build/Eigen3/src/external_eigen3-build/CMakeFiles/CMakeTmp

Run Build Command:"/usr/bin/make" "cmTC_e840d/fast"
make[6]: Entering directory '/home/ilaria/Desktop/MultiComponents_SC/2Components_GL/build/Release/third-party-build/h5pp/src/external_h5pp-build/third-party-build/Eigen3/src/external_eigen3-build/CMakeFiles/CMakeTmp'
/usr/bin/make -f CMakeFiles/cmTC_e840d.dir/build.make CMakeFiles/cmTC_e840d.dir/build
make[7]: Entering directory '/home/ilaria/Desktop/MultiComponents_SC/2Components_GL/build/Release/third-party-build/h5pp/src/external_h5pp-build/third-party-build/Eigen3/src/external_eigen3-build/CMakeFiles/CMakeTmp'
Building CXX object CMakeFiles/cmTC_e840d.dir/src.cxx.o
/usr/bin/c++    -std=c++03 -pedantic -Wall -Wextra -Wundef -Wcast-align -Wchar-subscripts -Wnon-virtual-dtor -Wunused-local-typedefs -Wpointer-arith -Wwrite-strings -Wformat-security -DCOMPILER_SUPPORT_Wshorten64to32 -Werror   -Wshorten-64-to-32 -o CMakeFiles/cmTC_e840d.dir/src.cxx.o -c /home/ilaria/Desktop/MultiComponents_SC/2Components_GL/build/Release/third-party-build/h5pp/src/external_h5pp-build/third-party-build/Eigen3/src/external_eigen3-build/CMakeFiles/CMakeTmp/src.cxx
c++: error: unrecognized command line option '-Wshorten-64-to-32'
make[7]: *** [CMakeFiles/cmTC_e840d.dir/build.make:66: CMakeFiles/cmTC_e840d.dir/src.cxx.o] Error 1
make[7]: Leaving directory '/home/ilaria/Desktop/MultiComponents_SC/2Components_GL/build/Release/third-party-build/h5pp/src/external_h5pp-build/third-party-build/Eigen3/src/external_eigen3-build/CMakeFiles/CMakeTmp'
make[6]: *** [Makefile:121: cmTC_e840d/fast] Error 2
make[6]: Leaving directory '/home/ilaria/Desktop/MultiComponents_SC/2Components_GL/build/Release/third-party-build/h5pp/src/external_h5pp-build/third-party-build/Eigen3/src/external_eigen3-build/CMakeFiles/CMakeTmp'

Source file was:
int main() { return 0; }
Performing C++ SOURCE FILE Test COMPILER_SUPPORT_Wenumconversion failed with the following output:
Change Dir: /home/ilaria/Desktop/MultiComponents_SC/2Components_GL/build/Release/third-party-build/h5pp/src/external_h5pp-build/third-party-build/Eigen3/src/external_eigen3-build/CMakeFiles/CMakeTmp

Run Build Command:"/usr/bin/make" "cmTC_b0b72/fast"
make[6]: Entering directory '/home/ilaria/Desktop/MultiComponents_SC/2Components_GL/build/Release/third-party-build/h5pp/src/external_h5pp-build/third-party-build/Eigen3/src/external_eigen3-build/CMakeFiles/CMakeTmp'
/usr/bin/make -f CMakeFiles/cmTC_b0b72.dir/build.make CMakeFiles/cmTC_b0b72.dir/build
make[7]: Entering directory '/home/ilaria/Desktop/MultiComponents_SC/2Components_GL/build/Release/third-party-build/h5pp/src/external_h5pp-build/third-party-build/Eigen3/src/external_eigen3-build/CMakeFiles/CMakeTmp'
Building CXX object CMakeFiles/cmTC_b0b72.dir/src.cxx.o
/usr/bin/c++    -std=c++03 -pedantic -Wall -Wextra -Wundef -Wcast-align -Wchar-subscripts -Wnon-virtual-dtor -Wunused-local-typedefs -Wpointer-arith -Wwrite-strings -Wformat-security -Wlogical-op -DCOMPILER_SUPPORT_Wenumconversion -Werror   -Wenum-conversion -o CMakeFiles/cmTC_b0b72.dir/src.cxx.o -c /home/ilaria/Desktop/MultiComponents_SC/2Components_GL/build/Release/third-party-build/h5pp/src/external_h5pp-build/third-party-build/Eigen3/src/external_eigen3-build/CMakeFiles/CMakeTmp/src.cxx
c++: error: unrecognized command line option '-Wenum-conversion'; did you mean '-Wno-conversion'?
make[7]: *** [CMakeFiles/cmTC_b0b72.dir/build.make:66: CMakeFiles/cmTC_b0b72.dir/src.cxx.o] Error 1
make[7]: Leaving directory '/home/ilaria/Desktop/MultiComponents_SC/2Components_GL/build/Release/third-party-build/h5pp/src/external_h5pp-build/third-party-build/Eigen3/src/external_eigen3-build/CMakeFiles/CMakeTmp'
make[6]: *** [Makefile:121: cmTC_b0b72/fast] Error 2
make[6]: Leaving directory '/home/ilaria/Desktop/MultiComponents_SC/2Components_GL/build/Release/third-party-build/h5pp/src/external_h5pp-build/third-party-build/Eigen3/src/external_eigen3-build/CMakeFiles/CMakeTmp'

Source file was:
int main() { return 0; }
Performing C++ SOURCE FILE Test COMPILER_SUPPORT_Wcpp11extensions failed with the following output:
Change Dir: /home/ilaria/Desktop/MultiComponents_SC/2Components_GL/build/Release/third-party-build/h5pp/src/external_h5pp-build/third-party-build/Eigen3/src/external_eigen3-build/CMakeFiles/CMakeTmp

Run Build Command:"/usr/bin/make" "cmTC_0f31d/fast"
make[6]: Entering directory '/home/ilaria/Desktop/MultiComponents_SC/2Components_GL/build/Release/third-party-build/h5pp/src/external_h5pp-build/third-party-build/Eigen3/src/external_eigen3-build/CMakeFiles/CMakeTmp'
/usr/bin/make -f CMakeFiles/cmTC_0f31d.dir/build.make CMakeFiles/cmTC_0f31d.dir/build
make[7]: Entering directory '/home/ilaria/Desktop/MultiComponents_SC/2Components_GL/build/Release/third-party-build/h5pp/src/external_h5pp-build/third-party-build/Eigen3/src/external_eigen3-build/CMakeFiles/CMakeTmp'
Building CXX object CMakeFiles/cmTC_0f31d.dir/src.cxx.o
/usr/bin/c++    -std=c++03 -pedantic -Wall -Wextra -Wundef -Wcast-align -Wchar-subscripts -Wnon-virtual-dtor -Wunused-local-typedefs -Wpointer-arith -Wwrite-strings -Wformat-security -Wlogical-op -DCOMPILER_SUPPORT_Wcpp11extensions -Werror   -Wc++11-extensions -o CMakeFiles/cmTC_0f31d.dir/src.cxx.o -c /home/ilaria/Desktop/MultiComponents_SC/2Components_GL/build/Release/third-party-build/h5pp/src/external_h5pp-build/third-party-build/Eigen3/src/external_eigen3-build/CMakeFiles/CMakeTmp/src.cxx
c++: error: unrecognized command line option '-Wc++11-extensions'; did you mean '-fms-extensions'?
make[7]: *** [CMakeFiles/cmTC_0f31d.dir/build.make:66: CMakeFiles/cmTC_0f31d.dir/src.cxx.o] Error 1
make[7]: Leaving directory '/home/ilaria/Desktop/MultiComponents_SC/2Components_GL/build/Release/third-party-build/h5pp/src/external_h5pp-build/third-party-build/Eigen3/src/external_eigen3-build/CMakeFiles/CMakeTmp'
make[6]: *** [Makefile:121: cmTC_0f31d/fast] Error 2
make[6]: Leaving directory '/home/ilaria/Desktop/MultiComponents_SC/2Components_GL/build/Release/third-party-build/h5pp/src/external_h5pp-build/third-party-build/Eigen3/src/external_eigen3-build/CMakeFiles/CMakeTmp'

Source file was:
int main() { return 0; }
Performing C++ SOURCE FILE Test COMPILER_SUPPORT_wd981 failed with the following output:
Change Dir: /home/ilaria/Desktop/MultiComponents_SC/2Components_GL/build/Release/third-party-build/h5pp/src/external_h5pp-build/third-party-build/Eigen3/src/external_eigen3-build/CMakeFiles/CMakeTmp

Run Build Command:"/usr/bin/make" "cmTC_f9686/fast"
make[6]: Entering directory '/home/ilaria/Desktop/MultiComponents_SC/2Components_GL/build/Release/third-party-build/h5pp/src/external_h5pp-build/third-party-build/Eigen3/src/external_eigen3-build/CMakeFiles/CMakeTmp'
/usr/bin/make -f CMakeFiles/cmTC_f9686.dir/build.make CMakeFiles/cmTC_f9686.dir/build
make[7]: Entering directory '/home/ilaria/Desktop/MultiComponents_SC/2Components_GL/build/Release/third-party-build/h5pp/src/external_h5pp-build/third-party-build/Eigen3/src/external_eigen3-build/CMakeFiles/CMakeTmp'
Building CXX object CMakeFiles/cmTC_f9686.dir/src.cxx.o
/usr/bin/c++    -std=c++03 -pedantic -Wall -Wextra -Wundef -Wcast-align -Wchar-subscripts -Wnon-virtual-dtor -Wunused-local-typedefs -Wpointer-arith -Wwrite-strings -Wformat-security -Wlogical-op -Wdouble-promotion -Wno-psabi -Wno-variadic-macros -Wno-long-long -fno-check-new -fno-common -fstrict-aliasing -DCOMPILER_SUPPORT_wd981 -Werror   -wd981 -o CMakeFiles/cmTC_f9686.dir/src.cxx.o -c /home/ilaria/Desktop/MultiComponents_SC/2Components_GL/build/Release/third-party-build/h5pp/src/external_h5pp-build/third-party-build/Eigen3/src/external_eigen3-build/CMakeFiles/CMakeTmp/src.cxx
c++: error: unrecognized command line option '-wd981'
make[7]: *** [CMakeFiles/cmTC_f9686.dir/build.make:66: CMakeFiles/cmTC_f9686.dir/src.cxx.o] Error 1
make[7]: Leaving directory '/home/ilaria/Desktop/MultiComponents_SC/2Components_GL/build/Release/third-party-build/h5pp/src/external_h5pp-build/third-party-build/Eigen3/src/external_eigen3-build/CMakeFiles/CMakeTmp'
make[6]: *** [Makefile:121: cmTC_f9686/fast] Error 2
make[6]: Leaving directory '/home/ilaria/Desktop/MultiComponents_SC/2Components_GL/build/Release/third-party-build/h5pp/src/external_h5pp-build/third-party-build/Eigen3/src/external_eigen3-build/CMakeFiles/CMakeTmp'

Source file was:
int main() { return 0; }
Performing C++ SOURCE FILE Test COMPILER_SUPPORT_wd2304 failed with the following output:
Change Dir: /home/ilaria/Desktop/MultiComponents_SC/2Components_GL/build/Release/third-party-build/h5pp/src/external_h5pp-build/third-party-build/Eigen3/src/external_eigen3-build/CMakeFiles/CMakeTmp

Run Build Command:"/usr/bin/make" "cmTC_ffd9a/fast"
make[6]: Entering directory '/home/ilaria/Desktop/MultiComponents_SC/2Components_GL/build/Release/third-party-build/h5pp/src/external_h5pp-build/third-party-build/Eigen3/src/external_eigen3-build/CMakeFiles/CMakeTmp'
/usr/bin/make -f CMakeFiles/cmTC_ffd9a.dir/build.make CMakeFiles/cmTC_ffd9a.dir/build
make[7]: Entering directory '/home/ilaria/Desktop/MultiComponents_SC/2Components_GL/build/Release/third-party-build/h5pp/src/external_h5pp-build/third-party-build/Eigen3/src/external_eigen3-build/CMakeFiles/CMakeTmp'
Building CXX object CMakeFiles/cmTC_ffd9a.dir/src.cxx.o
/usr/bin/c++    -std=c++03 -pedantic -Wall -Wextra -Wundef -Wcast-align -Wchar-subscripts -Wnon-virtual-dtor -Wunused-local-typedefs -Wpointer-arith -Wwrite-strings -Wformat-security -Wlogical-op -Wdouble-promotion -Wno-psabi -Wno-variadic-macros -Wno-long-long -fno-check-new -fno-common -fstrict-aliasing -DCOMPILER_SUPPORT_wd2304 -Werror   -wd2304 -o CMakeFiles/cmTC_ffd9a.dir/src.cxx.o -c /home/ilaria/Desktop/MultiComponents_SC/2Components_GL/build/Release/third-party-build/h5pp/src/external_h5pp-build/third-party-build/Eigen3/src/external_eigen3-build/CMakeFiles/CMakeTmp/src.cxx
c++: error: unrecognized command line option '-wd2304'
make[7]: *** [CMakeFiles/cmTC_ffd9a.dir/build.make:66: CMakeFiles/cmTC_ffd9a.dir/src.cxx.o] Error 1
make[7]: Leaving directory '/home/ilaria/Desktop/MultiComponents_SC/2Components_GL/build/Release/third-party-build/h5pp/src/external_h5pp-build/third-party-build/Eigen3/src/external_eigen3-build/CMakeFiles/CMakeTmp'
make[6]: *** [Makefile:121: cmTC_ffd9a/fast] Error 2
make[6]: Leaving directory '/home/ilaria/Desktop/MultiComponents_SC/2Components_GL/build/Release/third-party-build/h5pp/src/external_h5pp-build/third-party-build/Eigen3/src/external_eigen3-build/CMakeFiles/CMakeTmp'

Source file was:
int main() { return 0; }
Performing C++ SOURCE FILE Test COMPILER_SUPPORT_STRICTANSI failed with the following output:
Change Dir: /home/ilaria/Desktop/MultiComponents_SC/2Components_GL/build/Release/third-party-build/h5pp/src/external_h5pp-build/third-party-build/Eigen3/src/external_eigen3-build/CMakeFiles/CMakeTmp

Run Build Command:"/usr/bin/make" "cmTC_f47ed/fast"
make[6]: Entering directory '/home/ilaria/Desktop/MultiComponents_SC/2Components_GL/build/Release/third-party-build/h5pp/src/external_h5pp-build/third-party-build/Eigen3/src/external_eigen3-build/CMakeFiles/CMakeTmp'
/usr/bin/make -f CMakeFiles/cmTC_f47ed.dir/build.make CMakeFiles/cmTC_f47ed.dir/build
make[7]: Entering directory '/home/ilaria/Desktop/MultiComponents_SC/2Components_GL/build/Release/third-party-build/h5pp/src/external_h5pp-build/third-party-build/Eigen3/src/external_eigen3-build/CMakeFiles/CMakeTmp'
Building CXX object CMakeFiles/cmTC_f47ed.dir/src.cxx.o
/usr/bin/c++    -std=c++03 -pedantic -Wall -Wextra -Wundef -Wcast-align -Wchar-subscripts -Wnon-virtual-dtor -Wunused-local-typedefs -Wpointer-arith -Wwrite-strings -Wformat-security -Wlogical-op -Wdouble-promotion -Wno-psabi -Wno-variadic-macros -Wno-long-long -fno-check-new -fno-common -fstrict-aliasing -DCOMPILER_SUPPORT_STRICTANSI -Werror   -strict-ansi -o CMakeFiles/cmTC_f47ed.dir/src.cxx.o -c /home/ilaria/Desktop/MultiComponents_SC/2Components_GL/build/Release/third-party-build/h5pp/src/external_h5pp-build/third-party-build/Eigen3/src/external_eigen3-build/CMakeFiles/CMakeTmp/src.cxx
c++: error: unrecognized command line option '-strict-ansi'; did you mean '-fstrict-enums'?
make[7]: *** [CMakeFiles/cmTC_f47ed.dir/build.make:66: CMakeFiles/cmTC_f47ed.dir/src.cxx.o] Error 1
make[7]: Leaving directory '/home/ilaria/Desktop/MultiComponents_SC/2Components_GL/build/Release/third-party-build/h5pp/src/external_h5pp-build/third-party-build/Eigen3/src/external_eigen3-build/CMakeFiles/CMakeTmp'
make[6]: *** [Makefile:121: cmTC_f47ed/fast] Error 2
make[6]: Leaving directory '/home/ilaria/Desktop/MultiComponents_SC/2Components_GL/build/Release/third-party-build/h5pp/src/external_h5pp-build/third-party-build/Eigen3/src/external_eigen3-build/CMakeFiles/CMakeTmp'

Source file was:
int main() { return 0; }
Performing C++ SOURCE FILE Test COMPILER_SUPPORT_Qunusedarguments failed with the following output:
Change Dir: /home/ilaria/Desktop/MultiComponents_SC/2Components_GL/build/Release/third-party-build/h5pp/src/external_h5pp-build/third-party-build/Eigen3/src/external_eigen3-build/CMakeFiles/CMakeTmp

Run Build Command:"/usr/bin/make" "cmTC_49d38/fast"
make[6]: Entering directory '/home/ilaria/Desktop/MultiComponents_SC/2Components_GL/build/Release/third-party-build/h5pp/src/external_h5pp-build/third-party-build/Eigen3/src/external_eigen3-build/CMakeFiles/CMakeTmp'
/usr/bin/make -f CMakeFiles/cmTC_49d38.dir/build.make CMakeFiles/cmTC_49d38.dir/build
make[7]: Entering directory '/home/ilaria/Desktop/MultiComponents_SC/2Components_GL/build/Release/third-party-build/h5pp/src/external_h5pp-build/third-party-build/Eigen3/src/external_eigen3-build/CMakeFiles/CMakeTmp'
Building CXX object CMakeFiles/cmTC_49d38.dir/src.cxx.o
/usr/bin/c++    -std=c++03 -pedantic -Wall -Wextra -Wundef -Wcast-align -Wchar-subscripts -Wnon-virtual-dtor -Wunused-local-typedefs -Wpointer-arith -Wwrite-strings -Wformat-security -Wlogical-op -Wdouble-promotion -Wno-psabi -Wno-variadic-macros -Wno-long-long -fno-check-new -fno-common -fstrict-aliasing -DCOMPILER_SUPPORT_Qunusedarguments -Werror   -Qunused-arguments -o CMakeFiles/cmTC_49d38.dir/src.cxx.o -c /home/ilaria/Desktop/MultiComponents_SC/2Components_GL/build/Release/third-party-build/h5pp/src/external_h5pp-build/third-party-build/Eigen3/src/external_eigen3-build/CMakeFiles/CMakeTmp/src.cxx
c++: error: unrecognized command line option '-Qunused-arguments'; did you mean '-Wunused-parameter'?
make[7]: *** [CMakeFiles/cmTC_49d38.dir/build.make:66: CMakeFiles/cmTC_49d38.dir/src.cxx.o] Error 1
make[7]: Leaving directory '/home/ilaria/Desktop/MultiComponents_SC/2Components_GL/build/Release/third-party-build/h5pp/src/external_h5pp-build/third-party-build/Eigen3/src/external_eigen3-build/CMakeFiles/CMakeTmp'
make[6]: *** [Makefile:121: cmTC_49d38/fast] Error 2
make[6]: Leaving directory '/home/ilaria/Desktop/MultiComponents_SC/2Components_GL/build/Release/third-party-build/h5pp/src/external_h5pp-build/third-party-build/Eigen3/src/external_eigen3-build/CMakeFiles/CMakeTmp'

Source file was:
int main() { return 0; }
Determining if the pthread_create exist failed with the following output:
Change Dir: /home/ilaria/Desktop/MultiComponents_SC/2Components_GL/build/Release/third-party-build/h5pp/src/external_h5pp-build/third-party-build/Eigen3/src/external_eigen3-build/CMakeFiles/CMakeTmp

Run Build Command:"/usr/bin/make" "cmTC_fdc21/fast"
make[6]: Entering directory '/home/ilaria/Desktop/MultiComponents_SC/2Components_GL/build/Release/third-party-build/h5pp/src/external_h5pp-build/third-party-build/Eigen3/src/external_eigen3-build/CMakeFiles/CMakeTmp'
/usr/bin/make -f CMakeFiles/cmTC_fdc21.dir/build.make CMakeFiles/cmTC_fdc21.dir/build
make[7]: Entering directory '/home/ilaria/Desktop/MultiComponents_SC/2Components_GL/build/Release/third-party-build/h5pp/src/external_h5pp-build/third-party-build/Eigen3/src/external_eigen3-build/CMakeFiles/CMakeTmp'
Building C object CMakeFiles/cmTC_fdc21.dir/CheckSymbolExists.c.o
/usr/bin/cc    -o CMakeFiles/cmTC_fdc21.dir/CheckSymbolExists.c.o   -c /home/ilaria/Desktop/MultiComponents_SC/2Components_GL/build/Release/third-party-build/h5pp/src/external_h5pp-build/third-party-build/Eigen3/src/external_eigen3-build/CMakeFiles/CMakeTmp/CheckSymbolExists.c
Linking C executable cmTC_fdc21
/usr/bin/cmake -E cmake_link_script CMakeFiles/cmTC_fdc21.dir/link.txt --verbose=1
/usr/bin/cc      -rdynamic CMakeFiles/cmTC_fdc21.dir/CheckSymbolExists.c.o  -o cmTC_fdc21 
/usr/bin/ld: CMakeFiles/cmTC_fdc21.dir/CheckSymbolExists.c.o: in function `main':
CheckSymbolExists.c:(.text+0x1b): undefined reference to `pthread_create'
collect2: error: ld returned 1 exit status
make[7]: *** [CMakeFiles/cmTC_fdc21.dir/build.make:87: cmTC_fdc21] Error 1
make[7]: Leaving directory '/home/ilaria/Desktop/MultiComponents_SC/2Components_GL/build/Release/third-party-build/h5pp/src/external_h5pp-build/third-party-build/Eigen3/src/external_eigen3-build/CMakeFiles/CMakeTmp'
make[6]: *** [Makefile:121: cmTC_fdc21/fast] Error 2
make[6]: Leaving directory '/home/ilaria/Desktop/MultiComponents_SC/2Components_GL/build/Release/third-party-build/h5pp/src/external_h5pp-build/third-party-build/Eigen3/src/external_eigen3-build/CMakeFiles/CMakeTmp'

File /home/ilaria/Desktop/MultiComponents_SC/2Components_GL/build/Release/third-party-build/h5pp/src/external_h5pp-build/third-party-build/Eigen3/src/external_eigen3-build/CMakeFiles/CMakeTmp/CheckSymbolExists.c:
/* */
#include <pthread.h>

int main(int argc, char** argv)
{
  (void)argv;
#ifndef pthread_create
  return ((int*)(&pthread_create))[argc];
#else
  (void)argc;
  return 0;
#endif
}

Determining if the function pthread_create exists in the pthreads failed with the following output:
Change Dir: /home/ilaria/Desktop/MultiComponents_SC/2Components_GL/build/Release/third-party-build/h5pp/src/external_h5pp-build/third-party-build/Eigen3/src/external_eigen3-build/CMakeFiles/CMakeTmp

Run Build Command:"/usr/bin/make" "cmTC_c4d2e/fast"
make[6]: Entering directory '/home/ilaria/Desktop/MultiComponents_SC/2Components_GL/build/Release/third-party-build/h5pp/src/external_h5pp-build/third-party-build/Eigen3/src/external_eigen3-build/CMakeFiles/CMakeTmp'
/usr/bin/make -f CMakeFiles/cmTC_c4d2e.dir/build.make CMakeFiles/cmTC_c4d2e.dir/build
make[7]: Entering directory '/home/ilaria/Desktop/MultiComponents_SC/2Components_GL/build/Release/third-party-build/h5pp/src/external_h5pp-build/third-party-build/Eigen3/src/external_eigen3-build/CMakeFiles/CMakeTmp'
Building C object CMakeFiles/cmTC_c4d2e.dir/CheckFunctionExists.c.o
/usr/bin/cc   -DCHECK_FUNCTION_EXISTS=pthread_create   -o CMakeFiles/cmTC_c4d2e.dir/CheckFunctionExists.c.o   -c /usr/share/cmake-3.13/Modules/CheckFunctionExists.c
Linking C executable cmTC_c4d2e
/usr/bin/cmake -E cmake_link_script CMakeFiles/cmTC_c4d2e.dir/link.txt --verbose=1
/usr/bin/cc  -DCHECK_FUNCTION_EXISTS=pthread_create    -rdynamic CMakeFiles/cmTC_c4d2e.dir/CheckFunctionExists.c.o  -o cmTC_c4d2e -lpthreads 
/usr/bin/ld: cannot find -lpthreads
collect2: error: ld returned 1 exit status
make[7]: *** [CMakeFiles/cmTC_c4d2e.dir/build.make:87: cmTC_c4d2e] Error 1
make[7]: Leaving directory '/home/ilaria/Desktop/MultiComponents_SC/2Components_GL/build/Release/third-party-build/h5pp/src/external_h5pp-build/third-party-build/Eigen3/src/external_eigen3-build/CMakeFiles/CMakeTmp'
make[6]: *** [Makefile:121: cmTC_c4d2e/fast] Error 2
make[6]: Leaving directory '/home/ilaria/Desktop/MultiComponents_SC/2Components_GL/build/Release/third-party-build/h5pp/src/external_h5pp-build/third-party-build/Eigen3/src/external_eigen3-build/CMakeFiles/CMakeTmp'


