Determining if the pthread_create exist failed with the following output:
Change Dir: /home/ilaria/Desktop/MultiComponents_SC/2Components_GL/build/Release/CMakeFiles/CMakeTmp

Run Build Command:"/usr/bin/make" "cmTC_b6a00/fast"
/usr/bin/make -f CMakeFiles/cmTC_b6a00.dir/build.make CMakeFiles/cmTC_b6a00.dir/build
make[1]: Entering directory '/home/ilaria/Desktop/MultiComponents_SC/2Components_GL/build/Release/CMakeFiles/CMakeTmp'
Building CXX object CMakeFiles/cmTC_b6a00.dir/CheckSymbolExists.cxx.o
/usr/bin/c++     -o CMakeFiles/cmTC_b6a00.dir/CheckSymbolExists.cxx.o -c /home/ilaria/Desktop/MultiComponents_SC/2Components_GL/build/Release/CMakeFiles/CMakeTmp/CheckSymbolExists.cxx
Linking CXX executable cmTC_b6a00
/usr/bin/cmake -E cmake_link_script CMakeFiles/cmTC_b6a00.dir/link.txt --verbose=1
/usr/bin/c++       CMakeFiles/cmTC_b6a00.dir/CheckSymbolExists.cxx.o  -o cmTC_b6a00 
/usr/bin/ld: CMakeFiles/cmTC_b6a00.dir/CheckSymbolExists.cxx.o: in function `main':
CheckSymbolExists.cxx:(.text+0x1b): undefined reference to `pthread_create'
collect2: error: ld returned 1 exit status
make[1]: *** [CMakeFiles/cmTC_b6a00.dir/build.make:87: cmTC_b6a00] Error 1
make[1]: Leaving directory '/home/ilaria/Desktop/MultiComponents_SC/2Components_GL/build/Release/CMakeFiles/CMakeTmp'
make: *** [Makefile:121: cmTC_b6a00/fast] Error 2

File /home/ilaria/Desktop/MultiComponents_SC/2Components_GL/build/Release/CMakeFiles/CMakeTmp/CheckSymbolExists.cxx:
/* */
#include <pthread.h>

int main(int argc, char** argv)
{
  (void)argv;
#ifndef pthread_create
  return ((int*)(&pthread_create))[argc];
#else
  (void)argc;
  return 0;
#endif
}

Determining if the function pthread_create exists in the pthreads failed with the following output:
Change Dir: /home/ilaria/Desktop/MultiComponents_SC/2Components_GL/build/Release/CMakeFiles/CMakeTmp

Run Build Command:"/usr/bin/make" "cmTC_db571/fast"
/usr/bin/make -f CMakeFiles/cmTC_db571.dir/build.make CMakeFiles/cmTC_db571.dir/build
make[1]: Entering directory '/home/ilaria/Desktop/MultiComponents_SC/2Components_GL/build/Release/CMakeFiles/CMakeTmp'
Building CXX object CMakeFiles/cmTC_db571.dir/CheckFunctionExists.cxx.o
/usr/bin/c++    -DCHECK_FUNCTION_EXISTS=pthread_create   -o CMakeFiles/cmTC_db571.dir/CheckFunctionExists.cxx.o -c /home/ilaria/Desktop/MultiComponents_SC/2Components_GL/build/Release/CMakeFiles/CheckLibraryExists/CheckFunctionExists.cxx
Linking CXX executable cmTC_db571
/usr/bin/cmake -E cmake_link_script CMakeFiles/cmTC_db571.dir/link.txt --verbose=1
/usr/bin/c++   -DCHECK_FUNCTION_EXISTS=pthread_create    CMakeFiles/cmTC_db571.dir/CheckFunctionExists.cxx.o  -o cmTC_db571 -lpthreads 
/usr/bin/ld: cannot find -lpthreads
collect2: error: ld returned 1 exit status
make[1]: *** [CMakeFiles/cmTC_db571.dir/build.make:87: cmTC_db571] Error 1
make[1]: Leaving directory '/home/ilaria/Desktop/MultiComponents_SC/2Components_GL/build/Release/CMakeFiles/CMakeTmp'
make: *** [Makefile:121: cmTC_db571/fast] Error 2


