Performing C++ SOURCE FILE Test CMAKE_HAVE_LIBC_PTHREAD failed with the following output:
Change Dir: /home/ilaria/Desktop/MultiComponents_SC/Multi_Components_GL/cmake-build-release/CMakeFiles/CMakeTmp

Run Build Command(s):/usr/bin/make cmTC_331ec/fast && /usr/bin/make -f CMakeFiles/cmTC_331ec.dir/build.make CMakeFiles/cmTC_331ec.dir/build
make[1]: Entering directory '/home/ilaria/Desktop/MultiComponents_SC/Multi_Components_GL/cmake-build-release/CMakeFiles/CMakeTmp'
Building CXX object CMakeFiles/cmTC_331ec.dir/src.cxx.o
/usr/bin/c++    -DCMAKE_HAVE_LIBC_PTHREAD   -o CMakeFiles/cmTC_331ec.dir/src.cxx.o -c /home/ilaria/Desktop/MultiComponents_SC/Multi_Components_GL/cmake-build-release/CMakeFiles/CMakeTmp/src.cxx
Linking CXX executable cmTC_331ec
/home/ilaria/.local/share/JetBrains/Toolbox/apps/CLion/ch-0/193.6015.37/bin/cmake/linux/bin/cmake -E cmake_link_script CMakeFiles/cmTC_331ec.dir/link.txt --verbose=1
/usr/bin/c++   -DCMAKE_HAVE_LIBC_PTHREAD    CMakeFiles/cmTC_331ec.dir/src.cxx.o  -o cmTC_331ec 
/usr/bin/ld: CMakeFiles/cmTC_331ec.dir/src.cxx.o: in function `main':
src.cxx:(.text+0x3e): undefined reference to `pthread_create'
/usr/bin/ld: src.cxx:(.text+0x4a): undefined reference to `pthread_detach'
/usr/bin/ld: src.cxx:(.text+0x5b): undefined reference to `pthread_join'
collect2: error: ld returned 1 exit status
make[1]: *** [CMakeFiles/cmTC_331ec.dir/build.make:87: cmTC_331ec] Error 1
make[1]: Leaving directory '/home/ilaria/Desktop/MultiComponents_SC/Multi_Components_GL/cmake-build-release/CMakeFiles/CMakeTmp'
make: *** [Makefile:121: cmTC_331ec/fast] Error 2


Source file was:
#include <pthread.h>

void* test_func(void* data)
{
  return data;
}

int main(void)
{
  pthread_t thread;
  pthread_create(&thread, NULL, test_func, NULL);
  pthread_detach(thread);
  pthread_join(thread, NULL);
  pthread_atfork(NULL, NULL, NULL);
  pthread_exit(NULL);

  return 0;
}

Determining if the function pthread_create exists in the pthreads failed with the following output:
Change Dir: /home/ilaria/Desktop/MultiComponents_SC/Multi_Components_GL/cmake-build-release/CMakeFiles/CMakeTmp

Run Build Command(s):/usr/bin/make cmTC_d745f/fast && /usr/bin/make -f CMakeFiles/cmTC_d745f.dir/build.make CMakeFiles/cmTC_d745f.dir/build
make[1]: Entering directory '/home/ilaria/Desktop/MultiComponents_SC/Multi_Components_GL/cmake-build-release/CMakeFiles/CMakeTmp'
Building CXX object CMakeFiles/cmTC_d745f.dir/CheckFunctionExists.cxx.o
/usr/bin/c++    -DCHECK_FUNCTION_EXISTS=pthread_create   -o CMakeFiles/cmTC_d745f.dir/CheckFunctionExists.cxx.o -c /home/ilaria/Desktop/MultiComponents_SC/Multi_Components_GL/cmake-build-release/CMakeFiles/CheckLibraryExists/CheckFunctionExists.cxx
Linking CXX executable cmTC_d745f
/home/ilaria/.local/share/JetBrains/Toolbox/apps/CLion/ch-0/193.6015.37/bin/cmake/linux/bin/cmake -E cmake_link_script CMakeFiles/cmTC_d745f.dir/link.txt --verbose=1
/usr/bin/c++   -DCHECK_FUNCTION_EXISTS=pthread_create    CMakeFiles/cmTC_d745f.dir/CheckFunctionExists.cxx.o  -o cmTC_d745f -lpthreads 
/usr/bin/ld: cannot find -lpthreads
collect2: error: ld returned 1 exit status
make[1]: *** [CMakeFiles/cmTC_d745f.dir/build.make:87: cmTC_d745f] Error 1
make[1]: Leaving directory '/home/ilaria/Desktop/MultiComponents_SC/Multi_Components_GL/cmake-build-release/CMakeFiles/CMakeTmp'
make: *** [Makefile:121: cmTC_d745f/fast] Error 2



